#
# There is insufficient memory for the Java Runtime Environment to continue.
# Native memory allocation (malloc) failed to allocate 371696 bytes for Chunk::new
# Possible reasons:
#   The system is out of physical RAM or swap space
#   The process is running with CompressedOops enabled, and the Java Heap may be blocking the growth of the native heap
# Possible solutions:
#   Reduce memory load on the system
#   Increase physical memory or swap space
#   Check if swap backing store is full
#   Decrease Java heap size (-Xmx/-Xms)
#   Decrease number of Java threads
#   Decrease Java thread stack sizes (-Xss)
#   Set larger code cache with -XX:ReservedCodeCacheSize=
#   JVM is running with Unscaled Compressed Oops mode in which the Java heap is
#     placed in the first 4GB address space. The Java Heap base address is the
#     maximum limit for the native heap growth. Please use -XX:HeapBaseMinAddress
#     to set the Java Heap base and to place the Java Heap above 4GB virtual address.
# This output file may be truncated or incomplete.
#
#  Out of Memory Error (t:/workspace/hotspot/src/share/vm/memory/allocation.cpp:372), pid=31644, tid=25860
#
# JRE version: Java(TM) SE Runtime Environment (9.0+11) (build 9.0.1+11)
# Java VM: Java HotSpot(TM) 64-Bit Server VM (9.0.1+11, mixed mode, tiered, compressed oops, g1 gc, windows-amd64)
# No core dump will be written. Minidumps are not enabled by default on client versions of Windows
#

---------------  S U M M A R Y ------------

Command Line: -javaagent:C:\Program Files\JetBrains\IntelliJ IDEA 2017.2.6\lib\idea_rt.jar=65128:C:\Program Files\JetBrains\IntelliJ IDEA 2017.2.6\bin -Dfile.encoding=UTF-8 TronerClient

Host: Intel(R) Core(TM) i7-4510U CPU @ 2.00GHz, 4 cores, 7G,  Windows 10 , 64 bit Build 14393 (10.0.14393.0)
Time: Sun Jul 22 21:33:42 2018 Hora de verano romance elapsed time: 267 seconds (0d 0h 4m 27s)

---------------  T H R E A D  ---------------

Current thread (0x00000232ad134000):  JavaThread "C2 CompilerThread0" daemon [_thread_in_native, id=25860, stack(0x000000e610800000,0x000000e610900000)]


Current CompileTask:
C2: 267906 3219   !   4       java.awt.Component::reshape (312 bytes)

Stack: [0x000000e610800000,0x000000e610900000]
Native frames: (J=compiled Java code, j=interpreted, Vv=VM code, C=native code)
V  [jvm.dll+0x5870b8]

[error occurred during error reporting (printing native stack), id 0xe0000001]


---------------  P R O C E S S  ---------------

Java Threads: ( => current thread )
  0x00000232adaf7800 JavaThread "Thread-33" [_thread_blocked, id=24632, stack(0x000000e613b00000,0x000000e613c00000)]
  0x00000232adafb000 JavaThread "Thread-28" [_thread_blocked, id=28948, stack(0x000000e613600000,0x000000e613700000)]
  0x00000232adaf8000 JavaThread "Thread-27" [_thread_blocked, id=6176, stack(0x000000e613500000,0x000000e613600000)]
  0x00000232adca0000 JavaThread "TimerQueue" daemon [_thread_blocked, id=27520, stack(0x000000e611800000,0x000000e611900000)]
  0x0000023289d54800 JavaThread "DestroyJavaVM" [_thread_blocked, id=35092, stack(0x000000e60f700000,0x000000e60f800000)]
  0x00000232ad865000 JavaThread "AWT-EventQueue-0" [_thread_blocked, id=25400, stack(0x000000e611400000,0x000000e611500000)]
  0x00000232ad890000 JavaThread "AWT-Windows" daemon [_thread_in_native, id=4844, stack(0x000000e611200000,0x000000e611300000)]
  0x00000232ad86f000 JavaThread "AWT-Shutdown" [_thread_blocked, id=20604, stack(0x000000e611100000,0x000000e611200000)]
  0x00000232ad86e800 JavaThread "Java2D Disposer" daemon [_thread_blocked, id=33032, stack(0x000000e611000000,0x000000e611100000)]
  0x00000232ad452000 JavaThread "Service Thread" daemon [_thread_blocked, id=8272, stack(0x000000e610e00000,0x000000e610f00000)]
  0x00000232ad451000 JavaThread "Monitor Ctrl-Break" daemon [_thread_in_native, id=34932, stack(0x000000e610d00000,0x000000e610e00000)]
  0x00000232ad1e6000 JavaThread "Common-Cleaner" daemon [_thread_blocked, id=36112, stack(0x000000e610c00000,0x000000e610d00000)]
  0x00000232ad146800 JavaThread "Sweeper thread" daemon [_thread_blocked, id=28084, stack(0x000000e610b00000,0x000000e610c00000)]
  0x00000232ad140800 JavaThread "C1 CompilerThread2" daemon [_thread_blocked, id=37556, stack(0x000000e610a00000,0x000000e610b00000)]
  0x00000232ad136800 JavaThread "C2 CompilerThread1" daemon [_thread_blocked, id=37588, stack(0x000000e610900000,0x000000e610a00000)]
=>0x00000232ad134000 JavaThread "C2 CompilerThread0" daemon [_thread_in_native, id=25860, stack(0x000000e610800000,0x000000e610900000)]
  0x00000232ad133000 JavaThread "Attach Listener" daemon [_thread_blocked, id=35236, stack(0x000000e610700000,0x000000e610800000)]
  0x00000232ad132800 JavaThread "Signal Dispatcher" daemon [_thread_blocked, id=36568, stack(0x000000e610600000,0x000000e610700000)]
  0x00000232ad0e8000 JavaThread "Finalizer" daemon [_thread_blocked, id=24636, stack(0x000000e610500000,0x000000e610600000)]
  0x00000232ad0de000 JavaThread "Reference Handler" daemon [_thread_blocked, id=29288, stack(0x000000e610400000,0x000000e610500000)]

Other Threads:
  0x00000232ad0db000 VMThread "VM Thread" [stack: 0x000000e610300000,0x000000e610400000] [id=37276]
  0x00000232ad45b000 WatcherThread [stack: 0x000000e610f00000,0x000000e611000000] [id=36940]
  0x0000023289d6a800 GCTaskThread "GC Thread#0" [stack: 0x000000e60f800000,0x000000e60f900000] [id=34172]
  0x0000023289d6c000 GCTaskThread "GC Thread#1" [stack: 0x000000e60f900000,0x000000e60fa00000] [id=33236]
  0x0000023289d6e000 GCTaskThread "GC Thread#2" [stack: 0x000000e60fa00000,0x000000e60fb00000] [id=30428]
  0x0000023289d75000 GCTaskThread "GC Thread#3" [stack: 0x000000e60fb00000,0x000000e60fc00000] [id=31996]
  0x0000023289df6000 ConcurrentGCThread "G1 Main Marker" [stack: 0x000000e610100000,0x000000e610200000] [id=32032]
  0x0000023289df8000 ConcurrentGCThread "G1 Marker#0" [stack: 0x000000e610200000,0x000000e610300000] [id=37164]
  0x0000023289d85800 ConcurrentGCThread "G1 Refine#0" [stack: 0x000000e60ff00000,0x000000e610000000] [id=18080]
  0x0000023289d85000 ConcurrentGCThread "G1 Refine#1" [stack: 0x000000e60fe00000,0x000000e60ff00000] [id=33876]
  0x0000023289d81000 ConcurrentGCThread "G1 Refine#2" [stack: 0x000000e60fd00000,0x000000e60fe00000] [id=31404]
  0x0000023289d78800 ConcurrentGCThread "G1 Refine#3" [stack: 0x000000e60fc00000,0x000000e60fd00000] [id=1112]
  0x0000023289d86800 ConcurrentGCThread "G1 Young RemSet Sampling" [stack: 0x000000e610000000,0x000000e610100000] [id=33448]

Threads with active compile tasks:
C2 CompilerThread03219   !   4       java.awt.Component::reshape (312 bytes)

VM state:not at safepoint (normal execution)

VM Mutex/Monitor currently owned by a thread: None

Heap address: 0x0000000081c00000, size: 2020 MB, Compressed Oops mode: 32-bit
Narrow klass base: 0x0000000000000000, Narrow klass shift: 3
Compressed class space size: 1073741824 Address: 0x0000000100000000

Heap:
 garbage-first heap   total 131072K, used 71164K [0x0000000081c00000, 0x0000000081d00400, 0x0000000100000000)
  region size 1024K, 55 young (56320K), 7 survivors (7168K)
 Metaspace       used 19740K, capacity 21074K, committed 21296K, reserved 1069056K
  class space    used 2107K, capacity 2352K, committed 2432K, reserved 1048576K
Heap Regions: E=young(eden), S=young(survivor), O=old, HS=humongous(starts), HC=humongous(continues), CS=collection set, F=free, A=archive, TS=gc time stamp, AC=allocation context, TAMS=top-at-mark-start (previous, next)
|   0|0x0000000081c00000, 0x0000000081d00000, 0x0000000081d00000|100%|HS|  |TS  0|AC  0|TAMS 0x0000000081c00000, 0x0000000081c00000|
|   1|0x0000000081d00000, 0x0000000081e00000, 0x0000000081e00000|100%|HC|  |TS  0|AC  0|TAMS 0x0000000081d00000, 0x0000000081d00000|
|   2|0x0000000081e00000, 0x0000000081f00000, 0x0000000081f00000|100%|HC|  |TS  0|AC  0|TAMS 0x0000000081e00000, 0x0000000081e00000|
|   3|0x0000000081f00000, 0x0000000082000000, 0x0000000082000000|100%|HC|  |TS  0|AC  0|TAMS 0x0000000081f00000, 0x0000000081f00000|
|   4|0x0000000082000000, 0x0000000082100000, 0x0000000082100000|100%|HC|  |TS  0|AC  0|TAMS 0x0000000082000000, 0x0000000082000000|
|   5|0x0000000082100000, 0x0000000082200000, 0x0000000082200000|100%|HC|  |TS  0|AC  0|TAMS 0x0000000082100000, 0x0000000082100000|
|   6|0x0000000082200000, 0x0000000082300000, 0x0000000082300000|100%|HC|  |TS  0|AC  0|TAMS 0x0000000082200000, 0x0000000082200000|
|   7|0x0000000082300000, 0x0000000082400000, 0x0000000082400000|100%|HC|  |TS  0|AC  0|TAMS 0x0000000082300000, 0x0000000082300000|
|   8|0x0000000082400000, 0x0000000082500000, 0x0000000082500000|100%|HC|  |TS  0|AC  0|TAMS 0x0000000082400000, 0x0000000082400000|
|   9|0x0000000082500000, 0x0000000082600000, 0x0000000082600000|100%|HC|  |TS  0|AC  0|TAMS 0x0000000082500000, 0x0000000082500000|
|  10|0x0000000082600000, 0x000000008260c200, 0x0000000082700000|  4%| O|  |TS  3|AC  0|TAMS 0x0000000082600000, 0x0000000082600000|
|  11|0x0000000082700000, 0x0000000082800000, 0x0000000082800000|100%|HS|  |TS  0|AC  0|TAMS 0x0000000082700000, 0x0000000082700000|
|  12|0x0000000082800000, 0x0000000082900000, 0x0000000082900000|100%|HC|  |TS  0|AC  0|TAMS 0x0000000082800000, 0x0000000082800000|
|  13|0x0000000082900000, 0x0000000082a00000, 0x0000000082a00000|100%|HS|  |TS  0|AC  0|TAMS 0x0000000082900000, 0x0000000082900000|
|  14|0x0000000082a00000, 0x0000000082b00000, 0x0000000082b00000|100%|HC|  |TS  0|AC  0|TAMS 0x0000000082a00000, 0x0000000082a00000|
|  15|0x0000000082b00000, 0x0000000082c00000, 0x0000000082c00000|100%|HC|  |TS  0|AC  0|TAMS 0x0000000082b00000, 0x0000000082b00000|
|  16|0x0000000082c00000, 0x0000000082d00000, 0x0000000082d00000|100%|HC|  |TS  0|AC  0|TAMS 0x0000000082c00000, 0x0000000082c00000|
|  17|0x0000000082d00000, 0x0000000082d00000, 0x0000000082e00000|  0%| F|  |TS  0|AC  0|TAMS 0x0000000082d00000, 0x0000000082d00000|
|  18|0x0000000082e00000, 0x0000000082e00000, 0x0000000082f00000|  0%| F|  |TS  0|AC  0|TAMS 0x0000000082e00000, 0x0000000082e00000|
|  19|0x0000000082f00000, 0x0000000082f00000, 0x0000000083000000|  0%| F|  |TS  0|AC  0|TAMS 0x0000000082f00000, 0x0000000082f00000|
|  20|0x0000000083000000, 0x0000000083000000, 0x0000000083100000|  0%| F|  |TS  0|AC  0|TAMS 0x0000000083000000, 0x0000000083000000|
|  21|0x0000000083100000, 0x0000000083100000, 0x0000000083200000|  0%| F|  |TS  0|AC  0|TAMS 0x0000000083100000, 0x0000000083100000|
|  22|0x0000000083200000, 0x0000000083200000, 0x0000000083300000|  0%| F|  |TS  0|AC  0|TAMS 0x0000000083200000, 0x0000000083200000|
|  23|0x0000000083300000, 0x0000000083300000, 0x0000000083400000|  0%| F|  |TS  0|AC  0|TAMS 0x0000000083300000, 0x0000000083300000|
|  24|0x0000000083400000, 0x0000000083400000, 0x0000000083500000|  0%| F|  |TS  0|AC  0|TAMS 0x0000000083400000, 0x0000000083400000|
|  25|0x0000000083500000, 0x0000000083500000, 0x0000000083600000|  0%| F|  |TS  0|AC  0|TAMS 0x0000000083500000, 0x0000000083500000|
|  26|0x0000000083600000, 0x0000000083600000, 0x0000000083700000|  0%| F|  |TS  0|AC  0|TAMS 0x0000000083600000, 0x0000000083600000|
|  27|0x0000000083700000, 0x0000000083700000, 0x0000000083800000|  0%| F|  |TS  0|AC  0|TAMS 0x0000000083700000, 0x0000000083700000|
|  28|0x0000000083800000, 0x0000000083800000, 0x0000000083900000|  0%| F|  |TS  0|AC  0|TAMS 0x0000000083800000, 0x0000000083800000|
|  29|0x0000000083900000, 0x0000000083900000, 0x0000000083a00000|  0%| F|  |TS  0|AC  0|TAMS 0x0000000083900000, 0x0000000083900000|
|  30|0x0000000083a00000, 0x0000000083a00000, 0x0000000083b00000|  0%| F|  |TS  0|AC  0|TAMS 0x0000000083a00000, 0x0000000083a00000|
|  31|0x0000000083b00000, 0x0000000083b00000, 0x0000000083c00000|  0%| F|  |TS  0|AC  0|TAMS 0x0000000083b00000, 0x0000000083b00000|
|  32|0x0000000083c00000, 0x0000000083c00000, 0x0000000083d00000|  0%| F|  |TS  0|AC  0|TAMS 0x0000000083c00000, 0x0000000083c00000|
|  33|0x0000000083d00000, 0x0000000083d00000, 0x0000000083e00000|  0%| F|  |TS  0|AC  0|TAMS 0x0000000083d00000, 0x0000000083d00000|
|  34|0x0000000083e00000, 0x0000000083e00000, 0x0000000083f00000|  0%| F|  |TS  0|AC  0|TAMS 0x0000000083e00000, 0x0000000083e00000|
|  35|0x0000000083f00000, 0x0000000083f00000, 0x0000000084000000|  0%| F|  |TS  0|AC  0|TAMS 0x0000000083f00000, 0x0000000083f00000|
|  36|0x0000000084000000, 0x0000000084000000, 0x0000000084100000|  0%| F|  |TS  0|AC  0|TAMS 0x0000000084000000, 0x0000000084000000|
|  37|0x0000000084100000, 0x0000000084100000, 0x0000000084200000|  0%| F|  |TS  0|AC  0|TAMS 0x0000000084100000, 0x0000000084100000|
|  38|0x0000000084200000, 0x0000000084200000, 0x0000000084300000|  0%| F|  |TS  0|AC  0|TAMS 0x0000000084200000, 0x0000000084200000|
|  39|0x0000000084300000, 0x0000000084300000, 0x0000000084400000|  0%| F|  |TS  0|AC  0|TAMS 0x0000000084300000, 0x0000000084300000|
|  40|0x0000000084400000, 0x0000000084400000, 0x0000000084500000|  0%| F|  |TS  0|AC  0|TAMS 0x0000000084400000, 0x0000000084400000|
|  41|0x0000000084500000, 0x0000000084500000, 0x0000000084600000|  0%| F|  |TS  0|AC  0|TAMS 0x0000000084500000, 0x0000000084500000|
|  42|0x0000000084600000, 0x0000000084600000, 0x0000000084700000|  0%| F|  |TS  0|AC  0|TAMS 0x0000000084600000, 0x0000000084600000|
|  43|0x0000000084700000, 0x0000000084700000, 0x0000000084800000|  0%| F|  |TS  0|AC  0|TAMS 0x0000000084700000, 0x0000000084700000|
|  44|0x0000000084800000, 0x0000000084800000, 0x0000000084900000|  0%| F|  |TS  0|AC  0|TAMS 0x0000000084800000, 0x0000000084800000|
|  45|0x0000000084900000, 0x0000000084973118, 0x0000000084a00000| 44%| S|CS|TS  3|AC  0|TAMS 0x0000000084900000, 0x0000000084900000|
|  46|0x0000000084a00000, 0x0000000084b00000, 0x0000000084b00000|100%| S|CS|TS  3|AC  0|TAMS 0x0000000084a00000, 0x0000000084a00000|
|  47|0x0000000084b00000, 0x0000000084c00000, 0x0000000084c00000|100%| S|CS|TS  3|AC  0|TAMS 0x0000000084b00000, 0x0000000084b00000|
|  48|0x0000000084c00000, 0x0000000084d00000, 0x0000000084d00000|100%| S|CS|TS  3|AC  0|TAMS 0x0000000084c00000, 0x0000000084c00000|
|  49|0x0000000084d00000, 0x0000000084e00000, 0x0000000084e00000|100%| S|CS|TS  3|AC  0|TAMS 0x0000000084d00000, 0x0000000084d00000|
|  50|0x0000000084e00000, 0x0000000084f00000, 0x0000000084f00000|100%| S|CS|TS  3|AC  0|TAMS 0x0000000084e00000, 0x0000000084e00000|
|  51|0x0000000084f00000, 0x0000000085000000, 0x0000000085000000|100%| S|CS|TS  3|AC  0|TAMS 0x0000000084f00000, 0x0000000084f00000|
|  52|0x0000000085000000, 0x0000000085000000, 0x0000000085100000|  0%| F|  |TS  3|AC  0|TAMS 0x0000000085000000, 0x0000000085000000|
|  53|0x0000000085100000, 0x0000000085100000, 0x0000000085200000|  0%| F|  |TS  3|AC  0|TAMS 0x0000000085100000, 0x0000000085100000|
|  54|0x0000000085200000, 0x0000000085200000, 0x0000000085300000|  0%| F|  |TS  3|AC  0|TAMS 0x0000000085200000, 0x0000000085200000|
|  55|0x0000000085300000, 0x0000000085300000, 0x0000000085400000|  0%| F|  |TS  3|AC  0|TAMS 0x0000000085300000, 0x0000000085300000|
|  56|0x0000000085400000, 0x0000000085400000, 0x0000000085500000|  0%| F|  |TS  3|AC  0|TAMS 0x0000000085400000, 0x0000000085400000|
|  57|0x0000000085500000, 0x0000000085500000, 0x0000000085600000|  0%| F|  |TS  3|AC  0|TAMS 0x0000000085500000, 0x0000000085500000|
|  58|0x0000000085600000, 0x0000000085600000, 0x0000000085700000|  0%| F|  |TS  3|AC  0|TAMS 0x0000000085600000, 0x0000000085600000|
|  59|0x0000000085700000, 0x0000000085700000, 0x0000000085800000|  0%| F|  |TS  3|AC  0|TAMS 0x0000000085700000, 0x0000000085700000|
|  60|0x0000000085800000, 0x0000000085800000, 0x0000000085900000|  0%| F|  |TS  3|AC  0|TAMS 0x0000000085800000, 0x0000000085800000|
|  61|0x0000000085900000, 0x0000000085900000, 0x0000000085a00000|  0%| F|  |TS  3|AC  0|TAMS 0x0000000085900000, 0x0000000085900000|
|  62|0x0000000085a00000, 0x0000000085a00000, 0x0000000085b00000|  0%| F|  |TS  3|AC  0|TAMS 0x0000000085a00000, 0x0000000085a00000|
|  63|0x0000000085b00000, 0x0000000085b00000, 0x0000000085c00000|  0%| F|  |TS  3|AC  0|TAMS 0x0000000085b00000, 0x0000000085b00000|
|  64|0x0000000085c00000, 0x0000000085c00000, 0x0000000085d00000|  0%| F|  |TS  3|AC  0|TAMS 0x0000000085c00000, 0x0000000085c00000|
|  65|0x0000000085d00000, 0x0000000085d00000, 0x0000000085e00000|  0%| F|  |TS  3|AC  0|TAMS 0x0000000085d00000, 0x0000000085d00000|
|  66|0x0000000085e00000, 0x0000000085e00000, 0x0000000085f00000|  0%| F|  |TS  3|AC  0|TAMS 0x0000000085e00000, 0x0000000085e00000|
|  67|0x0000000085f00000, 0x0000000085f00000, 0x0000000086000000|  0%| F|  |TS  3|AC  0|TAMS 0x0000000085f00000, 0x0000000085f00000|
|  68|0x0000000086000000, 0x0000000086000000, 0x0000000086100000|  0%| F|  |TS  3|AC  0|TAMS 0x0000000086000000, 0x0000000086000000|
|  69|0x0000000086100000, 0x0000000086100000, 0x0000000086200000|  0%| F|  |TS  3|AC  0|TAMS 0x0000000086100000, 0x0000000086100000|
|  70|0x0000000086200000, 0x0000000086200000, 0x0000000086300000|  0%| F|  |TS  3|AC  0|TAMS 0x0000000086200000, 0x0000000086200000|
|  71|0x0000000086300000, 0x0000000086300000, 0x0000000086400000|  0%| F|  |TS  3|AC  0|TAMS 0x0000000086300000, 0x0000000086300000|
|  72|0x0000000086400000, 0x0000000086400000, 0x0000000086500000|  0%| F|  |TS  3|AC  0|TAMS 0x0000000086400000, 0x0000000086400000|
|  73|0x0000000086500000, 0x0000000086500000, 0x0000000086600000|  0%| F|  |TS  3|AC  0|TAMS 0x0000000086500000, 0x0000000086500000|
|  74|0x0000000086600000, 0x0000000086600000, 0x0000000086700000|  0%| F|  |TS  3|AC  0|TAMS 0x0000000086600000, 0x0000000086600000|
|  75|0x0000000086700000, 0x0000000086700000, 0x0000000086800000|  0%| F|  |TS  3|AC  0|TAMS 0x0000000086700000, 0x0000000086700000|
|  76|0x0000000086800000, 0x0000000086800000, 0x0000000086900000|  0%| F|  |TS  3|AC  0|TAMS 0x0000000086800000, 0x0000000086800000|
|  77|0x0000000086900000, 0x0000000086900000, 0x0000000086a00000|  0%| F|  |TS  3|AC  0|TAMS 0x0000000086900000, 0x0000000086900000|
|  78|0x0000000086a00000, 0x0000000086a00000, 0x0000000086b00000|  0%| F|  |TS  3|AC  0|TAMS 0x0000000086a00000, 0x0000000086a00000|
|  79|0x0000000086b00000, 0x0000000086b00000, 0x0000000086c00000|  0%| F|  |TS  3|AC  0|TAMS 0x0000000086b00000, 0x0000000086b00000|
|  80|0x0000000086c00000, 0x0000000086d00000, 0x0000000086d00000|100%| E|  |TS  3|AC  0|TAMS 0x0000000086c00000, 0x0000000086c00000|
|  81|0x0000000086d00000, 0x0000000086e00000, 0x0000000086e00000|100%| E|CS|TS  3|AC  0|TAMS 0x0000000086d00000, 0x0000000086d00000|
|  82|0x0000000086e00000, 0x0000000086f00000, 0x0000000086f00000|100%| E|CS|TS  3|AC  0|TAMS 0x0000000086e00000, 0x0000000086e00000|
|  83|0x0000000086f00000, 0x0000000087000000, 0x0000000087000000|100%| E|CS|TS  3|AC  0|TAMS 0x0000000086f00000, 0x0000000086f00000|
|  84|0x0000000087000000, 0x0000000087100000, 0x0000000087100000|100%| E|CS|TS  3|AC  0|TAMS 0x0000000087000000, 0x0000000087000000|
|  85|0x0000000087100000, 0x0000000087200000, 0x0000000087200000|100%| E|CS|TS  3|AC  0|TAMS 0x0000000087100000, 0x0000000087100000|
|  86|0x0000000087200000, 0x0000000087300000, 0x0000000087300000|100%| E|CS|TS  3|AC  0|TAMS 0x0000000087200000, 0x0000000087200000|
|  87|0x0000000087300000, 0x0000000087400000, 0x0000000087400000|100%| E|CS|TS  3|AC  0|TAMS 0x0000000087300000, 0x0000000087300000|
|  88|0x0000000087400000, 0x0000000087500000, 0x0000000087500000|100%| E|CS|TS  3|AC  0|TAMS 0x0000000087400000, 0x0000000087400000|
|  89|0x0000000087500000, 0x0000000087600000, 0x0000000087600000|100%| E|CS|TS  3|AC  0|TAMS 0x0000000087500000, 0x0000000087500000|
|  90|0x0000000087600000, 0x0000000087700000, 0x0000000087700000|100%| E|CS|TS  3|AC  0|TAMS 0x0000000087600000, 0x0000000087600000|
|  91|0x0000000087700000, 0x0000000087800000, 0x0000000087800000|100%| E|CS|TS  3|AC  0|TAMS 0x0000000087700000, 0x0000000087700000|
|  92|0x0000000087800000, 0x0000000087900000, 0x0000000087900000|100%| E|CS|TS  3|AC  0|TAMS 0x0000000087800000, 0x0000000087800000|
|  93|0x0000000087900000, 0x0000000087a00000, 0x0000000087a00000|100%| E|CS|TS  3|AC  0|TAMS 0x0000000087900000, 0x0000000087900000|
|  94|0x0000000087a00000, 0x0000000087b00000, 0x0000000087b00000|100%| E|CS|TS  3|AC  0|TAMS 0x0000000087a00000, 0x0000000087a00000|
|  95|0x0000000087b00000, 0x0000000087c00000, 0x0000000087c00000|100%| E|CS|TS  3|AC  0|TAMS 0x0000000087b00000, 0x0000000087b00000|
|  96|0x0000000087c00000, 0x0000000087d00000, 0x0000000087d00000|100%| E|CS|TS  3|AC  0|TAMS 0x0000000087c00000, 0x0000000087c00000|
|  97|0x0000000087d00000, 0x0000000087e00000, 0x0000000087e00000|100%| E|CS|TS  3|AC  0|TAMS 0x0000000087d00000, 0x0000000087d00000|
|  98|0x0000000087e00000, 0x0000000087f00000, 0x0000000087f00000|100%| E|CS|TS  3|AC  0|TAMS 0x0000000087e00000, 0x0000000087e00000|
|  99|0x0000000087f00000, 0x0000000088000000, 0x0000000088000000|100%| E|CS|TS  3|AC  0|TAMS 0x0000000087f00000, 0x0000000087f00000|
| 100|0x0000000088000000, 0x0000000088100000, 0x0000000088100000|100%| E|CS|TS  3|AC  0|TAMS 0x0000000088000000, 0x0000000088000000|
| 101|0x0000000088100000, 0x0000000088200000, 0x0000000088200000|100%| E|CS|TS  3|AC  0|TAMS 0x0000000088100000, 0x0000000088100000|
| 102|0x0000000088200000, 0x0000000088300000, 0x0000000088300000|100%| E|CS|TS  3|AC  0|TAMS 0x0000000088200000, 0x0000000088200000|
| 103|0x0000000088300000, 0x0000000088400000, 0x0000000088400000|100%| E|CS|TS  3|AC  0|TAMS 0x0000000088300000, 0x0000000088300000|
| 104|0x0000000088400000, 0x0000000088500000, 0x0000000088500000|100%| E|CS|TS  3|AC  0|TAMS 0x0000000088400000, 0x0000000088400000|
| 105|0x0000000088500000, 0x0000000088600000, 0x0000000088600000|100%| E|CS|TS  3|AC  0|TAMS 0x0000000088500000, 0x0000000088500000|
| 106|0x0000000088600000, 0x0000000088700000, 0x0000000088700000|100%| E|CS|TS  3|AC  0|TAMS 0x0000000088600000, 0x0000000088600000|
| 107|0x0000000088700000, 0x0000000088800000, 0x0000000088800000|100%| E|CS|TS  3|AC  0|TAMS 0x0000000088700000, 0x0000000088700000|
| 108|0x0000000088800000, 0x0000000088900000, 0x0000000088900000|100%| E|CS|TS  3|AC  0|TAMS 0x0000000088800000, 0x0000000088800000|
| 109|0x0000000088900000, 0x0000000088a00000, 0x0000000088a00000|100%| E|CS|TS  3|AC  0|TAMS 0x0000000088900000, 0x0000000088900000|
| 110|0x0000000088a00000, 0x0000000088b00000, 0x0000000088b00000|100%| E|CS|TS  3|AC  0|TAMS 0x0000000088a00000, 0x0000000088a00000|
| 111|0x0000000088b00000, 0x0000000088c00000, 0x0000000088c00000|100%| E|CS|TS  3|AC  0|TAMS 0x0000000088b00000, 0x0000000088b00000|
| 112|0x0000000088c00000, 0x0000000088d00000, 0x0000000088d00000|100%| E|CS|TS  3|AC  0|TAMS 0x0000000088c00000, 0x0000000088c00000|
| 113|0x0000000088d00000, 0x0000000088e00000, 0x0000000088e00000|100%| E|CS|TS  3|AC  0|TAMS 0x0000000088d00000, 0x0000000088d00000|
| 114|0x0000000088e00000, 0x0000000088f00000, 0x0000000088f00000|100%| E|CS|TS  3|AC  0|TAMS 0x0000000088e00000, 0x0000000088e00000|
| 115|0x0000000088f00000, 0x0000000089000000, 0x0000000089000000|100%| E|CS|TS  3|AC  0|TAMS 0x0000000088f00000, 0x0000000088f00000|
| 116|0x0000000089000000, 0x0000000089100000, 0x0000000089100000|100%| E|CS|TS  3|AC  0|TAMS 0x0000000089000000, 0x0000000089000000|
| 117|0x0000000089100000, 0x0000000089200000, 0x0000000089200000|100%| E|CS|TS  3|AC  0|TAMS 0x0000000089100000, 0x0000000089100000|
| 118|0x0000000089200000, 0x0000000089300000, 0x0000000089300000|100%| E|CS|TS  3|AC  0|TAMS 0x0000000089200000, 0x0000000089200000|
| 119|0x0000000089300000, 0x0000000089400000, 0x0000000089400000|100%| E|CS|TS  3|AC  0|TAMS 0x0000000089300000, 0x0000000089300000|
| 120|0x0000000089400000, 0x0000000089500000, 0x0000000089500000|100%| E|CS|TS  3|AC  0|TAMS 0x0000000089400000, 0x0000000089400000|
| 121|0x0000000089500000, 0x0000000089600000, 0x0000000089600000|100%| E|CS|TS  3|AC  0|TAMS 0x0000000089500000, 0x0000000089500000|
| 122|0x0000000089600000, 0x0000000089700000, 0x0000000089700000|100%| E|CS|TS  3|AC  0|TAMS 0x0000000089600000, 0x0000000089600000|
| 123|0x0000000089700000, 0x0000000089800000, 0x0000000089800000|100%| E|CS|TS  3|AC  0|TAMS 0x0000000089700000, 0x0000000089700000|
| 124|0x0000000089800000, 0x0000000089900000, 0x0000000089900000|100%| E|CS|TS  3|AC  0|TAMS 0x0000000089800000, 0x0000000089800000|
| 125|0x0000000089900000, 0x0000000089a00000, 0x0000000089a00000|100%| E|CS|TS  3|AC  0|TAMS 0x0000000089900000, 0x0000000089900000|
| 126|0x0000000089a00000, 0x0000000089b00000, 0x0000000089b00000|100%| E|CS|TS  3|AC  0|TAMS 0x0000000089a00000, 0x0000000089a00000|
| 127|0x0000000089b00000, 0x0000000089c00000, 0x0000000089c00000|100%| E|CS|TS  3|AC  0|TAMS 0x0000000089b00000, 0x0000000089b00000|

Card table byte_map: [0x00000232a5b10000,0x00000232a5f10000] byte_map_base: 0x00000232a5702000

Marking Bits (Prev, Next): (CMBitMap*) 0x0000023289df54b0, (CMBitMap*) 0x0000023289df54e8
 Prev Bits: [0x00000232a6310000, 0x00000232a82a0000)
 Next Bits: [0x00000232a82a0000, 0x00000232aa230000)

Polling page: 0x0000023289f00000

CodeHeap 'non-profiled nmethods': size=120064Kb used=2546Kb max_used=2546Kb free=117517Kb
 bounds [0x000002329d8a0000, 0x000002329db20000, 0x00000232a4de0000]
CodeHeap 'profiled nmethods': size=120000Kb used=6550Kb max_used=6550Kb free=113449Kb
 bounds [0x0000023296370000, 0x00000232969e0000, 0x000002329d8a0000]
CodeHeap 'non-nmethods': size=5696Kb used=1411Kb max_used=1465Kb free=4284Kb
 bounds [0x0000023295de0000, 0x0000023296050000, 0x0000023296370000]
 total_blobs=5091 nmethods=3214 adapters=571
 compilation: enabled

Compilation events (10 events):
Event: 262.266 Thread 0x00000232ad134000 nmethod 3213 0x000002329db14f10 code [0x000002329db15100, 0x000002329db15550]
Event: 262.539 Thread 0x00000232ad136800 3214   !   4       jdk.internal.reflect.GeneratedMethodAccessor4::invoke (66 bytes)
Event: 262.556 Thread 0x00000232ad136800 nmethod 3214 0x000002329db15b10 code [0x000002329db15d20, 0x000002329db163f0]
Event: 264.350 Thread 0x00000232ad134000 3216       4       java.io.ObjectInputStream$BlockDataInputStream::read (9 bytes)
Event: 264.350 Thread 0x00000232ad136800 3217 %     4       java.util.Arrays::fill @ 10 (28 bytes)
Event: 264.354 Thread 0x00000232ad136800 nmethod 3217% 0x000002329db17190 code [0x000002329db17320, 0x000002329db174b8]
Event: 264.357 Thread 0x00000232ad134000 nmethod 3216 0x000002329db17590 code [0x000002329db17780, 0x000002329db17c08]
Event: 267.099 Thread 0x00000232ad136800 3218   !   4       javax.swing.RepaintManager::paintDirtyRegions (196 bytes)
Event: 267.240 Thread 0x00000232ad136800 nmethod 3218 0x000002329db18090 code [0x000002329db183a0, 0x000002329db1abf0]
Event: 267.865 Thread 0x00000232ad134000 3219   !   4       java.awt.Component::reshape (312 bytes)

GC Heap History (4 events):
Event: 1.078 GC heap before
{Heap before GC invocations=0 (full 0):
 garbage-first heap   total 131072K, used 24576K [0x0000000081c00000, 0x0000000081d00400, 0x0000000100000000)
  region size 1024K, 14 young (14336K), 0 survivors (0K)
 Metaspace       used 11518K, capacity 12164K, committed 12416K, reserved 1060864K
  class space    used 1197K, capacity 1346K, committed 1408K, reserved 1048576K
}
Event: 1.083 GC heap after
{Heap after GC invocations=1 (full 0):
 garbage-first heap   total 131072K, used 12336K [0x0000000081c00000, 0x0000000081d00400, 0x0000000100000000)
  region size 1024K, 2 young (2048K), 2 survivors (2048K)
 Metaspace       used 11518K, capacity 12164K, committed 12416K, reserved 1060864K
  class space    used 1197K, capacity 1346K, committed 1408K, reserved 1048576K
}
Event: 154.562 GC heap before
{Heap before GC invocations=1 (full 0):
 garbage-first heap   total 131072K, used 94256K [0x0000000081c00000, 0x0000000081d00400, 0x0000000100000000)
  region size 1024K, 76 young (77824K), 2 survivors (2048K)
 Metaspace       used 19649K, capacity 20904K, committed 21120K, reserved 1069056K
  class space    used 2085K, capacity 2313K, committed 2432K, reserved 1048576K
}
Event: 154.574 GC heap after
{Heap after GC invocations=2 (full 0):
 garbage-first heap   total 131072K, used 23036K [0x0000000081c00000, 0x0000000081d00400, 0x0000000100000000)
  region size 1024K, 7 young (7168K), 7 survivors (7168K)
 Metaspace       used 19649K, capacity 20904K, committed 21120K, reserved 1069056K
  class space    used 2085K, capacity 2313K, committed 2432K, reserved 1048576K
}

Deoptimization events (10 events):
Event: 249.956 Thread 0x00000232ad865000 Uncommon trap: reason=array_check action=maybe_recompile pc=0x000002329d997c18 method=javax.swing.SortingFocusTraversalPolicy.mergeSort([Ljava/lang/Object;[Ljava/lang/Object;IIILjava/util/Comparator;)V @ 237 c2
Event: 249.957 Thread 0x00000232ad865000 Uncommon trap: reason=array_check action=maybe_recompile pc=0x000002329d9977fc method=javax.swing.SortingFocusTraversalPolicy.mergeSort([Ljava/lang/Object;[Ljava/lang/Object;IIILjava/util/Comparator;)V @ 237 c2
Event: 249.957 Thread 0x00000232ad865000 Uncommon trap: reason=array_check action=maybe_recompile pc=0x000002329d997d74 method=javax.swing.SortingFocusTraversalPolicy.mergeSort([Ljava/lang/Object;[Ljava/lang/Object;IIILjava/util/Comparator;)V @ 68 c2
Event: 249.957 Thread 0x00000232ad865000 Uncommon trap: reason=array_check action=maybe_recompile pc=0x000002329d9977fc method=javax.swing.SortingFocusTraversalPolicy.mergeSort([Ljava/lang/Object;[Ljava/lang/Object;IIILjava/util/Comparator;)V @ 237 c2
Event: 249.957 Thread 0x00000232ad865000 Uncommon trap: reason=array_check action=maybe_recompile pc=0x000002329d997c18 method=javax.swing.SortingFocusTraversalPolicy.mergeSort([Ljava/lang/Object;[Ljava/lang/Object;IIILjava/util/Comparator;)V @ 237 c2
Event: 250.041 Thread 0x00000232adafb000 Uncommon trap: reason=bimorphic_or_optimized_type_check action=maybe_recompile pc=0x000002329dab0bbc method=java.awt.Component.setSize(II)V @ 3 c2
Event: 250.044 Thread 0x00000232adafb000 Uncommon trap: reason=speculate_class_check action=maybe_recompile pc=0x000002329dacf6bc method=java.awt.Component.getSiblingIndexAbove()I @ 5 c2
Event: 250.044 Thread 0x00000232adafb000 Uncommon trap: reason=speculate_class_check action=maybe_recompile pc=0x000002329dacf6bc method=java.awt.Component.getSiblingIndexAbove()I @ 5 c2
Event: 250.044 Thread 0x00000232adafb000 Uncommon trap: reason=speculate_class_check action=maybe_recompile pc=0x000002329dacf6bc method=java.awt.Component.getSiblingIndexAbove()I @ 5 c2
Event: 250.044 Thread 0x00000232adafb000 Uncommon trap: reason=speculate_class_check action=maybe_recompile pc=0x000002329dacf6bc method=java.awt.Component.getSiblingIndexAbove()I @ 5 c2

Classes redefined (0 events):
No events

Internal exceptions (10 events):
Event: 56.113 Thread 0x00000232ad865000 Exception <a 'java/lang/NoSuchMethodError'{0x0000000088202ce0}: method resolution failed> (0x0000000088202ce0) thrown at [t:/workspace/hotspot/src/share/vm/prims/methodHandles.cpp, line 1256]
Event: 56.115 Thread 0x00000232ad865000 Exception <a 'java/lang/NoSuchMethodError'{0x0000000088227380}: method resolution failed> (0x0000000088227380) thrown at [t:/workspace/hotspot/src/share/vm/prims/methodHandles.cpp, line 1256]
Event: 56.116 Thread 0x00000232ad865000 Exception <a 'java/lang/NoSuchMethodError'{0x0000000088236d60}: method resolution failed> (0x0000000088236d60) thrown at [t:/workspace/hotspot/src/share/vm/prims/methodHandles.cpp, line 1256]
Event: 56.116 Thread 0x00000232ad865000 Exception <a 'java/lang/NoSuchMethodError'{0x000000008823b198}: java.lang.invoke.DelegatingMethodHandle$Holder.reinvoke_L(Ljava/lang/Object;Ljava/lang/Object;Ljava/lang/Object;Ljava/lang/Object;Ljava/lang/Object;Ljava/lang/Object;JLjava/lang/Object;)Ljava
Event: 56.123 Thread 0x00000232ad865000 Exception <a 'java/lang/NoSuchMethodError'{0x000000008826f230}: <clinit>> (0x000000008826f230) thrown at [t:/workspace/hotspot/src/share/vm/prims/jni.cpp, line 1363]
Event: 186.788 Thread 0x00000232ad865000 Implicit null exception at 0x000002329da97f08 to 0x000002329da9841d
Event: 186.790 Thread 0x00000232ad96a800 Exception <a 'java/lang/NoSuchMethodError'{0x000000008849b558}: java.lang.invoke.DirectMethodHandle$Holder.invokeSpecial(Ljava/lang/Object;Ljava/lang/Object;IIIILjava/lang/Object;Ljava/lang/Object;I)Ljava/lang/Object;> (0x000000008849b558) thrown at [t:/w
Event: 186.790 Thread 0x00000232ad96a800 Exception <a 'java/lang/NoSuchMethodError'{0x000000008849e978}: java.lang.invoke.DelegatingMethodHandle$Holder.reinvoke_L(Ljava/lang/Object;IIIILjava/lang/Object;Ljava/lang/Object;I)Ljava/lang/Object;> (0x000000008849e978) thrown at [t:/workspace/hotspot/
Event: 186.794 Thread 0x00000232ad96a800 Exception <a 'java/lang/NoSuchMethodError'{0x00000000884e3608}: java.lang.invoke.DirectMethodHandle$Holder.invokeStatic(Ljava/lang/Object;Ljava/lang/Object;Ljava/lang/Object;Ljava/lang/Object;Ljava/lang/Object;Ljava/lang/Object;Ljava/lang/Object;Ljava/lan
Event: 186.796 Thread 0x00000232ad96a800 Exception <a 'java/lang/NoSuchMethodError'{0x00000000884f0260}: method resolution failed> (0x00000000884f0260) thrown at [t:/workspace/hotspot/src/share/vm/prims/methodHandles.cpp, line 1256]

Events (10 events):
Event: 261.602 Thread 0x00000232ad865000 DEOPT PACKING pc=0x000002329691fd1b sp=0x000000e6114fd4f0
Event: 261.602 Thread 0x00000232ad865000 DEOPT UNPACKING pc=0x0000023295e2dd3f sp=0x000000e6114fc980 mode 0
Event: 261.990 Thread 0x00000232adaf6800 Thread added: 0x00000232adaf6800
Event: 262.719 Executing VM operation: RevokeBias
Event: 262.719 Executing VM operation: RevokeBias done
Event: 262.719 Thread 0x00000232adaf7800 Thread exited: 0x00000232adaf7800
Event: 265.422 Thread 0x00000232adaf7800 Thread added: 0x00000232adaf7800
Event: 266.001 Executing VM operation: RevokeBias
Event: 266.001 Executing VM operation: RevokeBias done
Event: 266.001 Thread 0x00000232adaf6800 Thread exited: 0x00000232adaf6800


Dynamic libraries:
0x00007ff693ff0000 - 0x00007ff69402e000 	C:\Program Files\Java\jdk-9.0.1\bin\java.exe
0x00007ffd96f60000 - 0x00007ffd97131000 	C:\WINDOWS\SYSTEM32\ntdll.dll
0x00007ffd948e0000 - 0x00007ffd9498b000 	C:\WINDOWS\System32\KERNEL32.DLL
0x00007ffd935a0000 - 0x00007ffd937bd000 	C:\WINDOWS\System32\KERNELBASE.dll
0x00007ffd951f0000 - 0x00007ffd95292000 	C:\WINDOWS\System32\ADVAPI32.dll
0x00007ffd96920000 - 0x00007ffd969be000 	C:\WINDOWS\System32\msvcrt.dll
0x00007ffd96ca0000 - 0x00007ffd96cf9000 	C:\WINDOWS\System32\sechost.dll
0x00007ffd94580000 - 0x00007ffd946a1000 	C:\WINDOWS\System32\RPCRT4.dll
0x00007ffd952a0000 - 0x00007ffd95405000 	C:\WINDOWS\System32\USER32.dll
0x00007ffd94420000 - 0x00007ffd9443e000 	C:\WINDOWS\System32\win32u.dll
0x00007ffd94800000 - 0x00007ffd94834000 	C:\WINDOWS\System32\GDI32.dll
0x00007ffd94290000 - 0x00007ffd94412000 	C:\WINDOWS\System32\gdi32full.dll
0x00007ffd90250000 - 0x00007ffd904c9000 	C:\WINDOWS\WinSxS\amd64_microsoft.windows.common-controls_6595b64144ccf1df_6.0.14393.0_none_2d0f50fcbdb171b8\COMCTL32.dll
0x00007ffd969d0000 - 0x00007ffd96c97000 	C:\WINDOWS\System32\combase.dll
0x00007ffd94190000 - 0x00007ffd94285000 	C:\WINDOWS\System32\ucrtbase.dll
0x00007ffd8dff0000 - 0x00007ffd8dffa000 	C:\WINDOWS\SYSTEM32\VERSION.dll
0x00007ffd937c0000 - 0x00007ffd9382a000 	C:\WINDOWS\System32\bcryptPrimitives.dll
0x00007ffd94550000 - 0x00007ffd9457e000 	C:\WINDOWS\System32\IMM32.DLL
0x00007ffd72e10000 - 0x00007ffd72eff000 	C:\Program Files\Java\jdk-9.0.1\bin\msvcr120.dll
0x00007ffd77200000 - 0x00007ffd772a6000 	C:\Program Files\Java\jdk-9.0.1\bin\msvcp120.dll
0x00000000618e0000 - 0x0000000062304000 	C:\Program Files\Java\jdk-9.0.1\bin\server\jvm.dll
0x00007ffd947f0000 - 0x00007ffd947f8000 	C:\WINDOWS\System32\PSAPI.DLL
0x00007ffd7e470000 - 0x00007ffd7e479000 	C:\WINDOWS\SYSTEM32\WSOCK32.dll
0x00007ffd91740000 - 0x00007ffd91763000 	C:\WINDOWS\SYSTEM32\WINMM.dll
0x00007ffd94eb0000 - 0x00007ffd94f1a000 	C:\WINDOWS\System32\WS2_32.dll
0x00007ffd916e0000 - 0x00007ffd9170b000 	C:\WINDOWS\SYSTEM32\WINMMBASE.dll
0x00007ffd93f70000 - 0x00007ffd93fb2000 	C:\WINDOWS\System32\cfgmgr32.dll
0x00007ffd8f9a0000 - 0x00007ffd8f9af000 	C:\Program Files\Java\jdk-9.0.1\bin\verify.dll
0x00007ffd86980000 - 0x00007ffd869a7000 	C:\Program Files\Java\jdk-9.0.1\bin\java.dll
0x00007ffd8ed10000 - 0x00007ffd8ed3a000 	C:\Program Files\Java\jdk-9.0.1\bin\instrument.dll
0x00007ffd88800000 - 0x00007ffd88816000 	C:\Program Files\Java\jdk-9.0.1\bin\zip.dll
0x00007ffd8df60000 - 0x00007ffd8df6a000 	C:\Program Files\Java\jdk-9.0.1\bin\jimage.dll
0x00007ffd95410000 - 0x00007ffd96918000 	C:\WINDOWS\System32\SHELL32.dll
0x00007ffd93890000 - 0x00007ffd93f6a000 	C:\WINDOWS\System32\windows.storage.dll
0x00007ffd933d0000 - 0x00007ffd9341c000 	C:\WINDOWS\System32\powrprof.dll
0x00007ffd94a20000 - 0x00007ffd94a72000 	C:\WINDOWS\System32\shlwapi.dll
0x00007ffd933c0000 - 0x00007ffd933cf000 	C:\WINDOWS\System32\kernel.appcore.dll
0x00007ffd93450000 - 0x00007ffd934f9000 	C:\WINDOWS\System32\shcore.dll
0x00007ffd93420000 - 0x00007ffd93434000 	C:\WINDOWS\System32\profapi.dll
0x00007ffd88710000 - 0x00007ffd8872a000 	C:\Program Files\Java\jdk-9.0.1\bin\net.dll
0x00007ffd88230000 - 0x00007ffd882fc000 	C:\WINDOWS\SYSTEM32\WINHTTP.dll
0x00007ffd92b10000 - 0x00007ffd92b6c000 	C:\WINDOWS\system32\mswsock.dll
0x00007ffd86fb0000 - 0x00007ffd86fc1000 	C:\Program Files\Java\jdk-9.0.1\bin\nio.dll
0x00007ffd8edd0000 - 0x00007ffd8edea000 	C:\Program Files\JetBrains\IntelliJ IDEA 2017.2.6\bin\breakgen64.dll
0x00007ffd6ffa0000 - 0x00007ffd70139000 	C:\Program Files\Java\jdk-9.0.1\bin\awt.dll
0x00007ffd96d00000 - 0x00007ffd96dbf000 	C:\WINDOWS\System32\OLEAUT32.dll
0x00007ffd93500000 - 0x00007ffd9359c000 	C:\WINDOWS\System32\msvcp_win.dll
0x00007ffd8a8a0000 - 0x00007ffd8adff000 	C:\WINDOWS\SYSTEM32\d2d1.dll
0x00007ffd93fc0000 - 0x00007ffd94188000 	C:\WINDOWS\System32\CRYPT32.dll
0x00007ffd93440000 - 0x00007ffd93450000 	C:\WINDOWS\System32\MSASN1.dll
0x00007ffd91970000 - 0x00007ffd919ea000 	C:\WINDOWS\SYSTEM32\apphelp.dll
0x00007ffd911f0000 - 0x00007ffd91216000 	C:\WINDOWS\system32\DWMAPI.DLL
0x00007ffd91aa0000 - 0x00007ffd91b35000 	C:\WINDOWS\system32\uxtheme.dll
0x00007ffd709d0000 - 0x00007ffd70af3000 	C:\WINDOWS\system32\opengl32.dll
0x00007ffd84e70000 - 0x00007ffd84e9d000 	C:\WINDOWS\SYSTEM32\GLU32.dll
0x00007ffd708d0000 - 0x00007ffd709c7000 	C:\WINDOWS\SYSTEM32\DDRAW.dll
0x00007ffd8a2a0000 - 0x00007ffd8a2a8000 	C:\WINDOWS\SYSTEM32\DCIMAN32.dll
0x00007ffd95020000 - 0x00007ffd9517b000 	C:\WINDOWS\System32\MSCTF.dll
0x00007ffd946b0000 - 0x00007ffd947e7000 	C:\WINDOWS\System32\ole32.dll
0x00007ffd85c20000 - 0x00007ffd85c4b000 	C:\Program Files\Java\jdk-9.0.1\bin\javajpeg.dll
0x00007ffd85770000 - 0x00007ffd8580d000 	C:\Program Files\Java\jdk-9.0.1\bin\fontmanager.dll
0x00007ffd85b10000 - 0x00007ffd85b52000 	C:\Program Files\Java\jdk-9.0.1\bin\t2k.dll
0x00007ffd94840000 - 0x00007ffd948df000 	C:\WINDOWS\System32\clbcatq.dll
0x00007ffd8d3c0000 - 0x00007ffd8d568000 	C:\WINDOWS\SYSTEM32\WindowsCodecs.dll
0x00007ffd72c20000 - 0x00007ffd72c69000 	C:\WINDOWS\system32\dataexchange.dll
0x00007ffd8c7a0000 - 0x00007ffd8ca56000 	C:\WINDOWS\system32\d3d11.dll
0x00007ffd91340000 - 0x00007ffd91491000 	C:\WINDOWS\system32\dcomp.dll
0x00007ffd92350000 - 0x00007ffd923ef000 	C:\WINDOWS\system32\dxgi.dll
0x00007ffd91e10000 - 0x00007ffd91f2c000 	C:\WINDOWS\system32\twinapi.appcore.dll
0x00007ffd92fa0000 - 0x00007ffd92fcb000 	C:\WINDOWS\system32\bcrypt.dll
0x00007ffd92900000 - 0x00007ffd929a0000 	C:\WINDOWS\SYSTEM32\DNSAPI.dll
0x00007ffd969c0000 - 0x00007ffd969c8000 	C:\WINDOWS\System32\NSI.dll
0x00007ffd928c0000 - 0x00007ffd928f8000 	C:\WINDOWS\SYSTEM32\IPHLPAPI.DLL
0x00007ffd7ff50000 - 0x00007ffd7ff5a000 	C:\Windows\System32\rasadhlp.dll
0x00007ffd88bd0000 - 0x00007ffd88c3a000 	C:\WINDOWS\System32\fwpuclnt.dll

VM Arguments:
jvm_args: -javaagent:C:\Program Files\JetBrains\IntelliJ IDEA 2017.2.6\lib\idea_rt.jar=65128:C:\Program Files\JetBrains\IntelliJ IDEA 2017.2.6\bin -Dfile.encoding=UTF-8 
java_command: TronerClient
java_class_path (initial): C:\Users\Alex\Desktop\LA SALLE\DPOO\Practica TRONER\TronerClient 8.0 -HECHO\out\production\TronerClient;C:\Users\Alex\Desktop\LA SALLE\DPOO\Practica TRONER\TronerClient 8.0 -HECHO\libs\JLayer1.0.1\jl1.0.1.jar;C:\Users\Alex\Desktop\LA SALLE\DPOO\Practica TRONER\TronerClient 8.0 -HECHO\libs\gson-2.8.2.jar;C:\Users\Alex\Desktop\LA SALLE\DPOO\Practica TRONER\TronerClient 8.0 -HECHO\libs\mysql-connector-java-5.1.18-bin.jar
Launcher Type: SUN_STANDARD

Logging:
Log output configuration:
#0: stdout all=warning uptime,level,tags
#1: stderr all=off uptime,level,tags

Environment Variables:
PATH=C:\ProgramData\Oracle\Java\javapath;C:\Program Files (x86)\Intel\iCLS Client\;C:\Program Files\Intel\iCLS Client\;C:\Windows\system32;C:\Windows;C:\Windows\System32\Wbem;C:\Windows\System32\WindowsPowerShell\v1.0\;C:\Program Files\Intel\Intel(R) Management Engine Components\DAL;C:\Program Files\Intel\Intel(R) Management Engine Components\IPT;C:\Program Files (x86)\Intel\Intel(R) Management Engine Components\DAL;C:\Program Files (x86)\Intel\Intel(R) Management Engine Components\IPT;C:\Program Files (x86)\Microchip\xc16\v1.24\bin;C:\Program Files\Microsoft SQL Server\120\Tools\Binn\;C:\Program Files (x86)\Windows Kits\10\Windows Performance Toolkit\;C:\Program Files (x86)\nodejs\;C:\WINDOWS\system32;C:\WINDOWS;C:\WINDOWS\System32\Wbem;C:\WINDOWS\System32\WindowsPowerShell\v1.0\;C:\Program Files\Common Files\Autodesk Shared\;C:\Program Files (x86)\Autodesk\Backburner\;C:\Program Files (x86)\QuickTime\QTSystem\;C:\Program Files\MySQL\MySQL Utilities 1.6\;C:\Program Files (x86)\Skype\Phone\;C:\Program Files (x86)\NVIDIA Corporation\PhysX\Common;C:\OrCAD\OrCAD_16.6_Lite\tools\pcb\bin;C:\OrCAD\OrCAD_16.6_Lite\tools\fet\bin;C:\OrCAD\OrCAD_16.6_Lite\OpenAccess\bin\win32\opt;C:\OrCAD\OrCAD_16.6_Lite\tools\bin;C:\OrCAD\OrCAD_16.6_Lite\tools\Capture;C:\OrCAD\OrCAD_16.6_Lite\tools\PSpice;C:\Users\Alex\AppData\Roaming\npm;C:\Users\Alex\AppData\Local\Microsoft\WindowsApps
USERNAME=Alex
OS=Windows_NT
PROCESSOR_IDENTIFIER=Intel64 Family 6 Model 69 Stepping 1, GenuineIntel



---------------  S Y S T E M  ---------------

OS: Windows 10 , 64 bit Build 14393 (10.0.14393.0)

CPU:total 4 (initial active 4) (2 cores per cpu, 2 threads per core) family 6 model 69 stepping 1, cmov, cx8, fxsr, mmx, sse, sse2, sse3, ssse3, sse4.1, sse4.2, popcnt, avx, avx2, aes, clmul, erms, lzcnt, ht, tsc, tscinvbit, bmi1, bmi2, fma

Memory: 4k page, physical 8269208k(1477280k free), swap 8269208k(4128k free)

vm_info: Java HotSpot(TM) 64-Bit Server VM (9.0.1+11) for windows-amd64 JRE (9.0.1+11), built on Sep 28 2017 04:54:03 by "mach5one" with MS VC++ 12.0 (VS2013)

END.
