#
# There is insufficient memory for the Java Runtime Environment to continue.
# Native memory allocation (malloc) failed to allocate 32744 bytes for ChunkPool::allocate
# Possible reasons:
#   The system is out of physical RAM or swap space
#   The process is running with CompressedOops enabled, and the Java Heap may be blocking the growth of the native heap
# Possible solutions:
#   Reduce memory load on the system
#   Increase physical memory or swap space
#   Check if swap backing store is full
#   Decrease Java heap size (-Xmx/-Xms)
#   Decrease number of Java threads
#   Decrease Java thread stack sizes (-Xss)
#   Set larger code cache with -XX:ReservedCodeCacheSize=
#   JVM is running with Unscaled Compressed Oops mode in which the Java heap is
#     placed in the first 4GB address space. The Java Heap base address is the
#     maximum limit for the native heap growth. Please use -XX:HeapBaseMinAddress
#     to set the Java Heap base and to place the Java Heap above 4GB virtual address.
# This output file may be truncated or incomplete.
#
#  Out of Memory Error (t:/workspace/hotspot/src/share/vm/memory/allocation.cpp:256), pid=34140, tid=8520
#
# JRE version: Java(TM) SE Runtime Environment (9.0+11) (build 9.0.1+11)
# Java VM: Java HotSpot(TM) 64-Bit Server VM (9.0.1+11, mixed mode, tiered, compressed oops, g1 gc, windows-amd64)
# No core dump will be written. Minidumps are not enabled by default on client versions of Windows
#

---------------  S U M M A R Y ------------

Command Line: -javaagent:C:\Program Files\JetBrains\IntelliJ IDEA 2017.2.6\lib\idea_rt.jar=64936:C:\Program Files\JetBrains\IntelliJ IDEA 2017.2.6\bin -Dfile.encoding=UTF-8 TronerClient

Host: Intel(R) Core(TM) i7-4510U CPU @ 2.00GHz, 4 cores, 7G,  Windows 10 , 64 bit Build 14393 (10.0.14393.0)
Time: Sun Jul 22 21:21:56 2018 Hora de verano romance elapsed time: 119 seconds (0d 0h 1m 59s)

---------------  T H R E A D  ---------------

Current thread (0x000002847cf48800):  JavaThread "C2 CompilerThread1" daemon [_thread_in_native, id=8520, stack(0x000000e564100000,0x000000e564200000)]


Current CompileTask:
C2: 119675 2093   !   4       sun.awt.PostEventQueue::flush (168 bytes)

Stack: [0x000000e564100000,0x000000e564200000]
Native frames: (J=compiled Java code, j=interpreted, Vv=VM code, C=native code)
V  [jvm.dll+0x5870b8]
V  [jvm.dll+0x69c0ee]
V  [jvm.dll+0x69d00a]
V  [jvm.dll+0x69d643]
V  [jvm.dll+0x21d148]
V  [jvm.dll+0xa81ed]
V  [jvm.dll+0xa7cba]
V  [jvm.dll+0xa85ac]
V  [jvm.dll+0x32633d]
V  [jvm.dll+0x499a8e]
V  [jvm.dll+0x498e3f]
V  [jvm.dll+0x49982b]
V  [jvm.dll+0x2e78f9]
V  [jvm.dll+0x2e6e5a]
V  [jvm.dll+0x1e99c1]
V  [jvm.dll+0x1e8c66]
V  [jvm.dll+0x1691bb]
V  [jvm.dll+0x1f64f0]
V  [jvm.dll+0x1f5176]
V  [jvm.dll+0x66b2df]
V  [jvm.dll+0x5864e0]
C  [msvcr120.dll+0x24f7f]
C  [msvcr120.dll+0x25126]
C  [KERNEL32.DLL+0x8364]
C  [ntdll.dll+0x65e91]


---------------  P R O C E S S  ---------------

Java Threads: ( => current thread )
  0x000002847d31f000 JavaThread "Thread-0" [_thread_in_native, id=29332, stack(0x000000e565200000,0x000000e565300000)]
  0x000002847f09e800 JavaThread "TimerQueue" daemon [_thread_blocked, id=31852, stack(0x000000e565000000,0x000000e565100000)]
  0x0000028459bef800 JavaThread "DestroyJavaVM" [_thread_blocked, id=19452, stack(0x000000e562f00000,0x000000e563000000)]
  0x000002847ec86800 JavaThread "AWT-EventQueue-0" [_thread_blocked, id=33492, stack(0x000000e564c00000,0x000000e564d00000)]
  0x000002847d6a3000 JavaThread "AWT-Windows" daemon [_thread_in_native, id=27824, stack(0x000000e564a00000,0x000000e564b00000)]
  0x000002847d6a2000 JavaThread "AWT-Shutdown" [_thread_blocked, id=24544, stack(0x000000e564900000,0x000000e564a00000)]
  0x000002847d6a1800 JavaThread "Java2D Disposer" daemon [_thread_blocked, id=7588, stack(0x000000e564800000,0x000000e564900000)]
  0x000002847d283000 JavaThread "Service Thread" daemon [_thread_blocked, id=35576, stack(0x000000e564600000,0x000000e564700000)]
  0x000002847d280800 JavaThread "Monitor Ctrl-Break" daemon [_thread_in_native, id=34960, stack(0x000000e564500000,0x000000e564600000)]
  0x000002847cff6000 JavaThread "Common-Cleaner" daemon [_thread_blocked, id=30732, stack(0x000000e564400000,0x000000e564500000)]
  0x000002847cf5e800 JavaThread "Sweeper thread" daemon [_thread_blocked, id=31416, stack(0x000000e564300000,0x000000e564400000)]
  0x000002847cf4b000 JavaThread "C1 CompilerThread2" daemon [_thread_blocked, id=17256, stack(0x000000e564200000,0x000000e564300000)]
=>0x000002847cf48800 JavaThread "C2 CompilerThread1" daemon [_thread_in_native, id=8520, stack(0x000000e564100000,0x000000e564200000)]
  0x000002847cf44000 JavaThread "C2 CompilerThread0" daemon [_thread_blocked, id=25212, stack(0x000000e564000000,0x000000e564100000)]
  0x000002847cf3a000 JavaThread "Attach Listener" daemon [_thread_blocked, id=37624, stack(0x000000e563f00000,0x000000e564000000)]
  0x000002847cf39800 JavaThread "Signal Dispatcher" daemon [_thread_blocked, id=21616, stack(0x000000e563e00000,0x000000e563f00000)]
  0x000002847ceef800 JavaThread "Finalizer" daemon [_thread_blocked, id=32092, stack(0x000000e563d00000,0x000000e563e00000)]
  0x000002847cee6800 JavaThread "Reference Handler" daemon [_thread_blocked, id=35044, stack(0x000000e563c00000,0x000000e563d00000)]

Other Threads:
  0x000002847cede000 VMThread "VM Thread" [stack: 0x000000e563b00000,0x000000e563c00000] [id=32632]
  0x000002847d291000 WatcherThread [stack: 0x000000e564700000,0x000000e564800000] [id=36820]
  0x0000028459c08000 GCTaskThread "GC Thread#0" [stack: 0x000000e563000000,0x000000e563100000] [id=5680]
  0x0000028459c09800 GCTaskThread "GC Thread#1" [stack: 0x000000e563100000,0x000000e563200000] [id=35772]
  0x0000028459c0b000 GCTaskThread "GC Thread#2" [stack: 0x000000e563200000,0x000000e563300000] [id=36292]
  0x0000028459c0d800 GCTaskThread "GC Thread#3" [stack: 0x000000e563300000,0x000000e563400000] [id=24684]
  0x0000028459c8d000 ConcurrentGCThread "G1 Main Marker" [stack: 0x000000e563900000,0x000000e563a00000] [id=34580]
  0x0000028459c91000 ConcurrentGCThread "G1 Marker#0" [stack: 0x000000e563a00000,0x000000e563b00000] [id=16496]
  0x0000028459c17800 ConcurrentGCThread "G1 Refine#0" [stack: 0x000000e563700000,0x000000e563800000] [id=28516]
  0x0000028459c14800 ConcurrentGCThread "G1 Refine#1" [stack: 0x000000e563600000,0x000000e563700000] [id=25428]
  0x0000028459c10800 ConcurrentGCThread "G1 Refine#2" [stack: 0x000000e563500000,0x000000e563600000] [id=37388]
  0x0000028459c0f800 ConcurrentGCThread "G1 Refine#3" [stack: 0x000000e563400000,0x000000e563500000] [id=36036]
  0x0000028459c19800 ConcurrentGCThread "G1 Young RemSet Sampling" [stack: 0x000000e563800000,0x000000e563900000] [id=7264]

Threads with active compile tasks:
C2 CompilerThread12093   !   4       sun.awt.PostEventQueue::flush (168 bytes)

VM state:not at safepoint (normal execution)

VM Mutex/Monitor currently owned by a thread: None

Heap address: 0x0000000081c00000, size: 2020 MB, Compressed Oops mode: 32-bit
Narrow klass base: 0x0000000000000000, Narrow klass shift: 3
Compressed class space size: 1073741824 Address: 0x0000000100000000

Heap:
 garbage-first heap   total 131072K, used 46127K [0x0000000081c00000, 0x0000000081d00400, 0x0000000100000000)
  region size 1024K, 30 young (30720K), 2 survivors (2048K)
 Metaspace       used 18853K, capacity 20010K, committed 20224K, reserved 1067008K
  class space    used 2040K, capacity 2290K, committed 2304K, reserved 1048576K
Heap Regions: E=young(eden), S=young(survivor), O=old, HS=humongous(starts), HC=humongous(continues), CS=collection set, F=free, A=archive, TS=gc time stamp, AC=allocation context, TAMS=top-at-mark-start (previous, next)
|   0|0x0000000081c00000, 0x0000000081d00000, 0x0000000081d00000|100%|HS|  |TS  0|AC  0|TAMS 0x0000000081c00000, 0x0000000081c00000|
|   1|0x0000000081d00000, 0x0000000081e00000, 0x0000000081e00000|100%|HC|  |TS  0|AC  0|TAMS 0x0000000081d00000, 0x0000000081d00000|
|   2|0x0000000081e00000, 0x0000000081f00000, 0x0000000081f00000|100%|HC|  |TS  0|AC  0|TAMS 0x0000000081e00000, 0x0000000081e00000|
|   3|0x0000000081f00000, 0x0000000082000000, 0x0000000082000000|100%|HC|  |TS  0|AC  0|TAMS 0x0000000081f00000, 0x0000000081f00000|
|   4|0x0000000082000000, 0x0000000082100000, 0x0000000082100000|100%|HC|  |TS  0|AC  0|TAMS 0x0000000082000000, 0x0000000082000000|
|   5|0x0000000082100000, 0x0000000082200000, 0x0000000082200000|100%|HC|  |TS  0|AC  0|TAMS 0x0000000082100000, 0x0000000082100000|
|   6|0x0000000082200000, 0x0000000082300000, 0x0000000082300000|100%|HC|  |TS  0|AC  0|TAMS 0x0000000082200000, 0x0000000082200000|
|   7|0x0000000082300000, 0x0000000082400000, 0x0000000082400000|100%|HC|  |TS  0|AC  0|TAMS 0x0000000082300000, 0x0000000082300000|
|   8|0x0000000082400000, 0x0000000082500000, 0x0000000082500000|100%|HC|  |TS  0|AC  0|TAMS 0x0000000082400000, 0x0000000082400000|
|   9|0x0000000082500000, 0x0000000082600000, 0x0000000082600000|100%|HC|  |TS  0|AC  0|TAMS 0x0000000082500000, 0x0000000082500000|
|  10|0x0000000082600000, 0x000000008260bc00, 0x0000000082700000|  4%| O|  |TS  1|AC  0|TAMS 0x0000000082600000, 0x0000000082600000|
|  11|0x0000000082700000, 0x0000000082800000, 0x0000000082800000|100%|HS|  |TS  0|AC  0|TAMS 0x0000000082700000, 0x0000000082700000|
|  12|0x0000000082800000, 0x0000000082900000, 0x0000000082900000|100%|HC|  |TS  0|AC  0|TAMS 0x0000000082800000, 0x0000000082800000|
|  13|0x0000000082900000, 0x0000000082a00000, 0x0000000082a00000|100%|HS|  |TS  0|AC  0|TAMS 0x0000000082900000, 0x0000000082900000|
|  14|0x0000000082a00000, 0x0000000082b00000, 0x0000000082b00000|100%|HC|  |TS  0|AC  0|TAMS 0x0000000082a00000, 0x0000000082a00000|
|  15|0x0000000082b00000, 0x0000000082c00000, 0x0000000082c00000|100%|HC|  |TS  0|AC  0|TAMS 0x0000000082b00000, 0x0000000082b00000|
|  16|0x0000000082c00000, 0x0000000082d00000, 0x0000000082d00000|100%|HC|  |TS  0|AC  0|TAMS 0x0000000082c00000, 0x0000000082c00000|
|  17|0x0000000082d00000, 0x0000000082d00000, 0x0000000082e00000|  0%| F|  |TS  0|AC  0|TAMS 0x0000000082d00000, 0x0000000082d00000|
|  18|0x0000000082e00000, 0x0000000082e00000, 0x0000000082f00000|  0%| F|  |TS  0|AC  0|TAMS 0x0000000082e00000, 0x0000000082e00000|
|  19|0x0000000082f00000, 0x0000000082f00000, 0x0000000083000000|  0%| F|  |TS  0|AC  0|TAMS 0x0000000082f00000, 0x0000000082f00000|
|  20|0x0000000083000000, 0x0000000083000000, 0x0000000083100000|  0%| F|  |TS  0|AC  0|TAMS 0x0000000083000000, 0x0000000083000000|
|  21|0x0000000083100000, 0x0000000083100000, 0x0000000083200000|  0%| F|  |TS  0|AC  0|TAMS 0x0000000083100000, 0x0000000083100000|
|  22|0x0000000083200000, 0x0000000083200000, 0x0000000083300000|  0%| F|  |TS  0|AC  0|TAMS 0x0000000083200000, 0x0000000083200000|
|  23|0x0000000083300000, 0x0000000083300000, 0x0000000083400000|  0%| F|  |TS  0|AC  0|TAMS 0x0000000083300000, 0x0000000083300000|
|  24|0x0000000083400000, 0x0000000083400000, 0x0000000083500000|  0%| F|  |TS  0|AC  0|TAMS 0x0000000083400000, 0x0000000083400000|
|  25|0x0000000083500000, 0x0000000083500000, 0x0000000083600000|  0%| F|  |TS  0|AC  0|TAMS 0x0000000083500000, 0x0000000083500000|
|  26|0x0000000083600000, 0x0000000083600000, 0x0000000083700000|  0%| F|  |TS  0|AC  0|TAMS 0x0000000083600000, 0x0000000083600000|
|  27|0x0000000083700000, 0x0000000083700000, 0x0000000083800000|  0%| F|  |TS  0|AC  0|TAMS 0x0000000083700000, 0x0000000083700000|
|  28|0x0000000083800000, 0x0000000083800000, 0x0000000083900000|  0%| F|  |TS  0|AC  0|TAMS 0x0000000083800000, 0x0000000083800000|
|  29|0x0000000083900000, 0x0000000083900000, 0x0000000083a00000|  0%| F|  |TS  0|AC  0|TAMS 0x0000000083900000, 0x0000000083900000|
|  30|0x0000000083a00000, 0x0000000083a00000, 0x0000000083b00000|  0%| F|  |TS  0|AC  0|TAMS 0x0000000083a00000, 0x0000000083a00000|
|  31|0x0000000083b00000, 0x0000000083b00000, 0x0000000083c00000|  0%| F|  |TS  0|AC  0|TAMS 0x0000000083b00000, 0x0000000083b00000|
|  32|0x0000000083c00000, 0x0000000083c00000, 0x0000000083d00000|  0%| F|  |TS  0|AC  0|TAMS 0x0000000083c00000, 0x0000000083c00000|
|  33|0x0000000083d00000, 0x0000000083d00000, 0x0000000083e00000|  0%| F|  |TS  0|AC  0|TAMS 0x0000000083d00000, 0x0000000083d00000|
|  34|0x0000000083e00000, 0x0000000083e00000, 0x0000000083f00000|  0%| F|  |TS  0|AC  0|TAMS 0x0000000083e00000, 0x0000000083e00000|
|  35|0x0000000083f00000, 0x0000000083f00000, 0x0000000084000000|  0%| F|  |TS  0|AC  0|TAMS 0x0000000083f00000, 0x0000000083f00000|
|  36|0x0000000084000000, 0x0000000084000000, 0x0000000084100000|  0%| F|  |TS  0|AC  0|TAMS 0x0000000084000000, 0x0000000084000000|
|  37|0x0000000084100000, 0x0000000084100000, 0x0000000084200000|  0%| F|  |TS  0|AC  0|TAMS 0x0000000084100000, 0x0000000084100000|
|  38|0x0000000084200000, 0x0000000084200000, 0x0000000084300000|  0%| F|  |TS  0|AC  0|TAMS 0x0000000084200000, 0x0000000084200000|
|  39|0x0000000084300000, 0x0000000084300000, 0x0000000084400000|  0%| F|  |TS  0|AC  0|TAMS 0x0000000084300000, 0x0000000084300000|
|  40|0x0000000084400000, 0x0000000084400000, 0x0000000084500000|  0%| F|  |TS  0|AC  0|TAMS 0x0000000084400000, 0x0000000084400000|
|  41|0x0000000084500000, 0x0000000084500000, 0x0000000084600000|  0%| F|  |TS  0|AC  0|TAMS 0x0000000084500000, 0x0000000084500000|
|  42|0x0000000084600000, 0x0000000084600000, 0x0000000084700000|  0%| F|  |TS  0|AC  0|TAMS 0x0000000084600000, 0x0000000084600000|
|  43|0x0000000084700000, 0x0000000084700000, 0x0000000084800000|  0%| F|  |TS  0|AC  0|TAMS 0x0000000084700000, 0x0000000084700000|
|  44|0x0000000084800000, 0x0000000084800000, 0x0000000084900000|  0%| F|  |TS  0|AC  0|TAMS 0x0000000084800000, 0x0000000084800000|
|  45|0x0000000084900000, 0x0000000084900000, 0x0000000084a00000|  0%| F|  |TS  0|AC  0|TAMS 0x0000000084900000, 0x0000000084900000|
|  46|0x0000000084a00000, 0x0000000084a00000, 0x0000000084b00000|  0%| F|  |TS  0|AC  0|TAMS 0x0000000084a00000, 0x0000000084a00000|
|  47|0x0000000084b00000, 0x0000000084b00000, 0x0000000084c00000|  0%| F|  |TS  0|AC  0|TAMS 0x0000000084b00000, 0x0000000084b00000|
|  48|0x0000000084c00000, 0x0000000084c00000, 0x0000000084d00000|  0%| F|  |TS  0|AC  0|TAMS 0x0000000084c00000, 0x0000000084c00000|
|  49|0x0000000084d00000, 0x0000000084d00000, 0x0000000084e00000|  0%| F|  |TS  0|AC  0|TAMS 0x0000000084d00000, 0x0000000084d00000|
|  50|0x0000000084e00000, 0x0000000084e00000, 0x0000000084f00000|  0%| F|  |TS  0|AC  0|TAMS 0x0000000084e00000, 0x0000000084e00000|
|  51|0x0000000084f00000, 0x0000000084f00000, 0x0000000085000000|  0%| F|  |TS  0|AC  0|TAMS 0x0000000084f00000, 0x0000000084f00000|
|  52|0x0000000085000000, 0x0000000085000000, 0x0000000085100000|  0%| F|  |TS  0|AC  0|TAMS 0x0000000085000000, 0x0000000085000000|
|  53|0x0000000085100000, 0x0000000085100000, 0x0000000085200000|  0%| F|  |TS  0|AC  0|TAMS 0x0000000085100000, 0x0000000085100000|
|  54|0x0000000085200000, 0x0000000085200000, 0x0000000085300000|  0%| F|  |TS  0|AC  0|TAMS 0x0000000085200000, 0x0000000085200000|
|  55|0x0000000085300000, 0x0000000085300000, 0x0000000085400000|  0%| F|  |TS  0|AC  0|TAMS 0x0000000085300000, 0x0000000085300000|
|  56|0x0000000085400000, 0x0000000085400000, 0x0000000085500000|  0%| F|  |TS  0|AC  0|TAMS 0x0000000085400000, 0x0000000085400000|
|  57|0x0000000085500000, 0x0000000085500000, 0x0000000085600000|  0%| F|  |TS  0|AC  0|TAMS 0x0000000085500000, 0x0000000085500000|
|  58|0x0000000085600000, 0x0000000085600000, 0x0000000085700000|  0%| F|  |TS  0|AC  0|TAMS 0x0000000085600000, 0x0000000085600000|
|  59|0x0000000085700000, 0x0000000085700000, 0x0000000085800000|  0%| F|  |TS  0|AC  0|TAMS 0x0000000085700000, 0x0000000085700000|
|  60|0x0000000085800000, 0x0000000085800000, 0x0000000085900000|  0%| F|  |TS  0|AC  0|TAMS 0x0000000085800000, 0x0000000085800000|
|  61|0x0000000085900000, 0x0000000085900000, 0x0000000085a00000|  0%| F|  |TS  0|AC  0|TAMS 0x0000000085900000, 0x0000000085900000|
|  62|0x0000000085a00000, 0x0000000085a00000, 0x0000000085b00000|  0%| F|  |TS  0|AC  0|TAMS 0x0000000085a00000, 0x0000000085a00000|
|  63|0x0000000085b00000, 0x0000000085b00000, 0x0000000085c00000|  0%| F|  |TS  0|AC  0|TAMS 0x0000000085b00000, 0x0000000085b00000|
|  64|0x0000000085c00000, 0x0000000085c00000, 0x0000000085d00000|  0%| F|  |TS  0|AC  0|TAMS 0x0000000085c00000, 0x0000000085c00000|
|  65|0x0000000085d00000, 0x0000000085d00000, 0x0000000085e00000|  0%| F|  |TS  0|AC  0|TAMS 0x0000000085d00000, 0x0000000085d00000|
|  66|0x0000000085e00000, 0x0000000085e00000, 0x0000000085f00000|  0%| F|  |TS  0|AC  0|TAMS 0x0000000085e00000, 0x0000000085e00000|
|  67|0x0000000085f00000, 0x0000000085f00000, 0x0000000086000000|  0%| F|  |TS  0|AC  0|TAMS 0x0000000085f00000, 0x0000000085f00000|
|  68|0x0000000086000000, 0x0000000086000000, 0x0000000086100000|  0%| F|  |TS  0|AC  0|TAMS 0x0000000086000000, 0x0000000086000000|
|  69|0x0000000086100000, 0x0000000086100000, 0x0000000086200000|  0%| F|  |TS  0|AC  0|TAMS 0x0000000086100000, 0x0000000086100000|
|  70|0x0000000086200000, 0x0000000086200000, 0x0000000086300000|  0%| F|  |TS  0|AC  0|TAMS 0x0000000086200000, 0x0000000086200000|
|  71|0x0000000086300000, 0x0000000086300000, 0x0000000086400000|  0%| F|  |TS  0|AC  0|TAMS 0x0000000086300000, 0x0000000086300000|
|  72|0x0000000086400000, 0x0000000086400000, 0x0000000086500000|  0%| F|  |TS  0|AC  0|TAMS 0x0000000086400000, 0x0000000086400000|
|  73|0x0000000086500000, 0x0000000086500000, 0x0000000086600000|  0%| F|  |TS  0|AC  0|TAMS 0x0000000086500000, 0x0000000086500000|
|  74|0x0000000086600000, 0x0000000086600000, 0x0000000086700000|  0%| F|  |TS  0|AC  0|TAMS 0x0000000086600000, 0x0000000086600000|
|  75|0x0000000086700000, 0x0000000086700000, 0x0000000086800000|  0%| F|  |TS  0|AC  0|TAMS 0x0000000086700000, 0x0000000086700000|
|  76|0x0000000086800000, 0x0000000086800000, 0x0000000086900000|  0%| F|  |TS  0|AC  0|TAMS 0x0000000086800000, 0x0000000086800000|
|  77|0x0000000086900000, 0x0000000086900000, 0x0000000086a00000|  0%| F|  |TS  0|AC  0|TAMS 0x0000000086900000, 0x0000000086900000|
|  78|0x0000000086a00000, 0x0000000086a00000, 0x0000000086b00000|  0%| F|  |TS  0|AC  0|TAMS 0x0000000086a00000, 0x0000000086a00000|
|  79|0x0000000086b00000, 0x0000000086b00000, 0x0000000086c00000|  0%| F|  |TS  0|AC  0|TAMS 0x0000000086b00000, 0x0000000086b00000|
|  80|0x0000000086c00000, 0x0000000086c00000, 0x0000000086d00000|  0%| F|  |TS  0|AC  0|TAMS 0x0000000086c00000, 0x0000000086c00000|
|  81|0x0000000086d00000, 0x0000000086d00000, 0x0000000086e00000|  0%| F|  |TS  0|AC  0|TAMS 0x0000000086d00000, 0x0000000086d00000|
|  82|0x0000000086e00000, 0x0000000086e00000, 0x0000000086f00000|  0%| F|  |TS  0|AC  0|TAMS 0x0000000086e00000, 0x0000000086e00000|
|  83|0x0000000086f00000, 0x0000000086f00000, 0x0000000087000000|  0%| F|  |TS  0|AC  0|TAMS 0x0000000086f00000, 0x0000000086f00000|
|  84|0x0000000087000000, 0x0000000087000000, 0x0000000087100000|  0%| F|  |TS  0|AC  0|TAMS 0x0000000087000000, 0x0000000087000000|
|  85|0x0000000087100000, 0x0000000087100000, 0x0000000087200000|  0%| F|  |TS  0|AC  0|TAMS 0x0000000087100000, 0x0000000087100000|
|  86|0x0000000087200000, 0x0000000087200000, 0x0000000087300000|  0%| F|  |TS  0|AC  0|TAMS 0x0000000087200000, 0x0000000087200000|
|  87|0x0000000087300000, 0x0000000087300000, 0x0000000087400000|  0%| F|  |TS  0|AC  0|TAMS 0x0000000087300000, 0x0000000087300000|
|  88|0x0000000087400000, 0x0000000087400000, 0x0000000087500000|  0%| F|  |TS  0|AC  0|TAMS 0x0000000087400000, 0x0000000087400000|
|  89|0x0000000087500000, 0x0000000087500000, 0x0000000087600000|  0%| F|  |TS  0|AC  0|TAMS 0x0000000087500000, 0x0000000087500000|
|  90|0x0000000087600000, 0x0000000087600000, 0x0000000087700000|  0%| F|  |TS  0|AC  0|TAMS 0x0000000087600000, 0x0000000087600000|
|  91|0x0000000087700000, 0x0000000087700000, 0x0000000087800000|  0%| F|  |TS  0|AC  0|TAMS 0x0000000087700000, 0x0000000087700000|
|  92|0x0000000087800000, 0x0000000087800000, 0x0000000087900000|  0%| F|  |TS  0|AC  0|TAMS 0x0000000087800000, 0x0000000087800000|
|  93|0x0000000087900000, 0x0000000087900000, 0x0000000087a00000|  0%| F|  |TS  0|AC  0|TAMS 0x0000000087900000, 0x0000000087900000|
|  94|0x0000000087a00000, 0x0000000087a00000, 0x0000000087b00000|  0%| F|  |TS  0|AC  0|TAMS 0x0000000087a00000, 0x0000000087a00000|
|  95|0x0000000087b00000, 0x0000000087b00000, 0x0000000087c00000|  0%| F|  |TS  0|AC  0|TAMS 0x0000000087b00000, 0x0000000087b00000|
|  96|0x0000000087c00000, 0x0000000087c00000, 0x0000000087d00000|  0%| F|  |TS  0|AC  0|TAMS 0x0000000087c00000, 0x0000000087c00000|
|  97|0x0000000087d00000, 0x0000000087d00000, 0x0000000087e00000|  0%| F|  |TS  0|AC  0|TAMS 0x0000000087d00000, 0x0000000087d00000|
|  98|0x0000000087e00000, 0x0000000087e5f3a8, 0x0000000087f00000| 37%| E|  |TS  0|AC  0|TAMS 0x0000000087e00000, 0x0000000087e00000|
|  99|0x0000000087f00000, 0x0000000088000000, 0x0000000088000000|100%| E|CS|TS  0|AC  0|TAMS 0x0000000087f00000, 0x0000000087f00000|
| 100|0x0000000088000000, 0x0000000088100000, 0x0000000088100000|100%| E|CS|TS  0|AC  0|TAMS 0x0000000088000000, 0x0000000088000000|
| 101|0x0000000088100000, 0x0000000088200000, 0x0000000088200000|100%| E|CS|TS  0|AC  0|TAMS 0x0000000088100000, 0x0000000088100000|
| 102|0x0000000088200000, 0x0000000088300000, 0x0000000088300000|100%| E|CS|TS  0|AC  0|TAMS 0x0000000088200000, 0x0000000088200000|
| 103|0x0000000088300000, 0x0000000088400000, 0x0000000088400000|100%| E|CS|TS  0|AC  0|TAMS 0x0000000088300000, 0x0000000088300000|
| 104|0x0000000088400000, 0x0000000088500000, 0x0000000088500000|100%| E|CS|TS  0|AC  0|TAMS 0x0000000088400000, 0x0000000088400000|
| 105|0x0000000088500000, 0x0000000088600000, 0x0000000088600000|100%| E|CS|TS  0|AC  0|TAMS 0x0000000088500000, 0x0000000088500000|
| 106|0x0000000088600000, 0x0000000088700000, 0x0000000088700000|100%| E|CS|TS  0|AC  0|TAMS 0x0000000088600000, 0x0000000088600000|
| 107|0x0000000088700000, 0x0000000088800000, 0x0000000088800000|100%| E|CS|TS  0|AC  0|TAMS 0x0000000088700000, 0x0000000088700000|
| 108|0x0000000088800000, 0x0000000088900000, 0x0000000088900000|100%| E|CS|TS  0|AC  0|TAMS 0x0000000088800000, 0x0000000088800000|
| 109|0x0000000088900000, 0x0000000088a00000, 0x0000000088a00000|100%| E|CS|TS  0|AC  0|TAMS 0x0000000088900000, 0x0000000088900000|
| 110|0x0000000088a00000, 0x0000000088b00000, 0x0000000088b00000|100%| E|CS|TS  0|AC  0|TAMS 0x0000000088a00000, 0x0000000088a00000|
| 111|0x0000000088b00000, 0x0000000088c00000, 0x0000000088c00000|100%| E|CS|TS  0|AC  0|TAMS 0x0000000088b00000, 0x0000000088b00000|
| 112|0x0000000088c00000, 0x0000000088d00000, 0x0000000088d00000|100%| S|CS|TS  1|AC  0|TAMS 0x0000000088c00000, 0x0000000088c00000|
| 113|0x0000000088d00000, 0x0000000088e00000, 0x0000000088e00000|100%| S|CS|TS  1|AC  0|TAMS 0x0000000088d00000, 0x0000000088d00000|
| 114|0x0000000088e00000, 0x0000000088f00000, 0x0000000088f00000|100%| E|CS|TS  1|AC  0|TAMS 0x0000000088e00000, 0x0000000088e00000|
| 115|0x0000000088f00000, 0x0000000089000000, 0x0000000089000000|100%| E|CS|TS  1|AC  0|TAMS 0x0000000088f00000, 0x0000000088f00000|
| 116|0x0000000089000000, 0x0000000089100000, 0x0000000089100000|100%| E|CS|TS  1|AC  0|TAMS 0x0000000089000000, 0x0000000089000000|
| 117|0x0000000089100000, 0x0000000089200000, 0x0000000089200000|100%| E|CS|TS  1|AC  0|TAMS 0x0000000089100000, 0x0000000089100000|
| 118|0x0000000089200000, 0x0000000089300000, 0x0000000089300000|100%| E|CS|TS  1|AC  0|TAMS 0x0000000089200000, 0x0000000089200000|
| 119|0x0000000089300000, 0x0000000089400000, 0x0000000089400000|100%| E|CS|TS  1|AC  0|TAMS 0x0000000089300000, 0x0000000089300000|
| 120|0x0000000089400000, 0x0000000089500000, 0x0000000089500000|100%| E|CS|TS  1|AC  0|TAMS 0x0000000089400000, 0x0000000089400000|
| 121|0x0000000089500000, 0x0000000089600000, 0x0000000089600000|100%| E|CS|TS  1|AC  0|TAMS 0x0000000089500000, 0x0000000089500000|
| 122|0x0000000089600000, 0x0000000089700000, 0x0000000089700000|100%| E|CS|TS  1|AC  0|TAMS 0x0000000089600000, 0x0000000089600000|
| 123|0x0000000089700000, 0x0000000089800000, 0x0000000089800000|100%| E|CS|TS  1|AC  0|TAMS 0x0000000089700000, 0x0000000089700000|
| 124|0x0000000089800000, 0x0000000089900000, 0x0000000089900000|100%| E|CS|TS  1|AC  0|TAMS 0x0000000089800000, 0x0000000089800000|
| 125|0x0000000089900000, 0x0000000089a00000, 0x0000000089a00000|100%| E|CS|TS  1|AC  0|TAMS 0x0000000089900000, 0x0000000089900000|
| 126|0x0000000089a00000, 0x0000000089b00000, 0x0000000089b00000|100%| E|CS|TS  1|AC  0|TAMS 0x0000000089a00000, 0x0000000089a00000|
| 127|0x0000000089b00000, 0x0000000089c00000, 0x0000000089c00000|100%| E|CS|TS  1|AC  0|TAMS 0x0000000089b00000, 0x0000000089b00000|

Card table byte_map: [0x0000028475920000,0x0000028475d20000] byte_map_base: 0x0000028475512000

Marking Bits (Prev, Next): (CMBitMap*) 0x0000028459c8c420, (CMBitMap*) 0x0000028459c8c458
 Prev Bits: [0x0000028476120000, 0x00000284780b0000)
 Next Bits: [0x00000284780b0000, 0x000002847a040000)

Polling page: 0x0000028459d00000

CodeHeap 'non-profiled nmethods': size=120064Kb used=707Kb max_used=707Kb free=119356Kb
 bounds [0x000002846d5b0000, 0x000002846d820000, 0x0000028474af0000]
CodeHeap 'profiled nmethods': size=120000Kb used=4179Kb max_used=4179Kb free=115820Kb
 bounds [0x0000028466080000, 0x00000284664a0000, 0x000002846d5b0000]
CodeHeap 'non-nmethods': size=5696Kb used=1405Kb max_used=1418Kb free=4290Kb
 bounds [0x0000028465af0000, 0x0000028465d60000, 0x0000028466080000]
 total_blobs=3082 nmethods=2093 adapters=562
 compilation: enabled

Compilation events (10 events):
Event: 117.973 Thread 0x000002847cf4b000 nmethod 2089 0x0000028466490c90 code [0x0000028466490e60, 0x00000284664910d0]
Event: 117.974 Thread 0x000002847cf4b000 2090       3       sun.java2d.marlin.MarlinCache::copyAARowNoRLE (363 bytes)
Event: 117.976 Thread 0x000002847cf4b000 nmethod 2090 0x0000028466491210 code [0x0000028466491460, 0x0000028466491f60]
Event: 117.980 Thread 0x000002847cf4b000 2091 %     3       sun.java2d.marlin.MarlinTileGenerator::getAlphaNoRLE @ 243 (364 bytes)
Event: 117.982 Thread 0x000002847cf4b000 nmethod 2091% 0x0000028466492510 code [0x0000028466492760, 0x00000284664936f0]
Event: 117.982 Thread 0x000002847cf4b000 2092       3       sun.java2d.marlin.MarlinTileGenerator::getAlphaNoRLE (364 bytes)
Event: 117.983 Thread 0x000002847cf4b000 nmethod 2092 0x0000028466493d10 code [0x0000028466493f60, 0x0000028466494970]
Event: 119.566 Thread 0x000002847cf48800 2093   !   4       sun.awt.PostEventQueue::flush (168 bytes)
Event: 119.567 Thread 0x000002847cf44000 2094       4       java.awt.EventQueue::eventToCacheIndex (80 bytes)
Event: 119.568 Thread 0x000002847cf44000 nmethod 2094 0x000002846d660a10 code [0x000002846d660ba0, 0x000002846d660c58]

GC Heap History (2 events):
Event: 0.976 GC heap before
{Heap before GC invocations=0 (full 0):
 garbage-first heap   total 131072K, used 24576K [0x0000000081c00000, 0x0000000081d00400, 0x0000000100000000)
  region size 1024K, 14 young (14336K), 0 survivors (0K)
 Metaspace       used 11499K, capacity 12096K, committed 12416K, reserved 1060864K
  class space    used 1197K, capacity 1346K, committed 1408K, reserved 1048576K
}
Event: 0.981 GC heap after
{Heap after GC invocations=1 (full 0):
 garbage-first heap   total 131072K, used 12335K [0x0000000081c00000, 0x0000000081d00400, 0x0000000100000000)
  region size 1024K, 2 young (2048K), 2 survivors (2048K)
 Metaspace       used 11499K, capacity 12096K, committed 12416K, reserved 1060864K
  class space    used 1197K, capacity 1346K, committed 1408K, reserved 1048576K
}

Deoptimization events (10 events):
Event: 1.286 Thread 0x0000028459bef800 Uncommon trap: reason=bimorphic_or_optimized_type_check action=maybe_recompile pc=0x000002846d5fa290 method=java.util.HashMap.getNode(ILjava/lang/Object;)Ljava/util/HashMap$Node; @ 126 c2
Event: 1.286 Thread 0x0000028459bef800 Uncommon trap: reason=unstable_if action=reinterpret pc=0x000002846d5bb728 method=java.util.HashMap.hash(Ljava/lang/Object;)I @ 1 c2
Event: 1.290 Thread 0x0000028459bef800 Uncommon trap: reason=bimorphic_or_optimized_type_check action=maybe_recompile pc=0x000002846d5fa290 method=java.util.HashMap.getNode(ILjava/lang/Object;)Ljava/util/HashMap$Node; @ 126 c2
Event: 1.290 Thread 0x0000028459bef800 Uncommon trap: reason=bimorphic_or_optimized_type_check action=maybe_recompile pc=0x000002846d5fa290 method=java.util.HashMap.getNode(ILjava/lang/Object;)Ljava/util/HashMap$Node; @ 126 c2
Event: 4.086 Thread 0x0000028459bef800 Uncommon trap: reason=unstable_if action=reinterpret pc=0x000002846d5e8cb4 method=java.util.concurrent.ConcurrentHashMap.get(Ljava/lang/Object;)Ljava/lang/Object; @ 76 c2
Event: 5.381 Thread 0x000002847ec86800 Uncommon trap: reason=class_check action=maybe_recompile pc=0x000002846d5c42d4 method=java.lang.String.equals(Ljava/lang/Object;)Z @ 8 c2
Event: 5.382 Thread 0x000002847ec86800 Uncommon trap: reason=class_check action=maybe_recompile pc=0x000002846d5c42d4 method=java.lang.String.equals(Ljava/lang/Object;)Z @ 8 c2
Event: 5.603 Thread 0x000002847ec86800 Uncommon trap: reason=class_check action=maybe_recompile pc=0x000002846d5c42d4 method=java.lang.String.equals(Ljava/lang/Object;)Z @ 8 c2
Event: 5.603 Thread 0x000002847ec86800 Uncommon trap: reason=class_check action=maybe_recompile pc=0x000002846d5c42d4 method=java.lang.String.equals(Ljava/lang/Object;)Z @ 8 c2
Event: 37.053 Thread 0x000002847ec86800 Uncommon trap: reason=unstable_if action=reinterpret pc=0x000002846d618940 method=java.nio.Buffer.limit(I)Ljava/nio/Buffer; @ 45 c2

Classes redefined (0 events):
No events

Internal exceptions (10 events):
Event: 36.998 Thread 0x000002847ec86800 Exception <a 'java/lang/NoSuchMethodError'{0x0000000088202588}: java.lang.invoke.DirectMethodHandle$Holder.invokeSpecial(Ljava/lang/Object;Ljava/lang/Object;IILjava/lang/Object;Ljava/lang/Object;Ljava/lang/Object;Ljava/lang/Object;Ljava/lang/Object;JLjava
Event: 36.998 Thread 0x000002847ec86800 Exception <a 'java/lang/NoSuchMethodError'{0x0000000088206610}: java.lang.invoke.DelegatingMethodHandle$Holder.reinvoke_L(Ljava/lang/Object;IILjava/lang/Object;Ljava/lang/Object;Ljava/lang/Object;Ljava/lang/Object;Ljava/lang/Object;JLjava/lang/Object;)Lja
Event: 36.999 Thread 0x000002847ec86800 Exception <a 'java/lang/NoSuchMethodError'{0x0000000088216b10}: method resolution failed> (0x0000000088216b10) thrown at [t:/workspace/hotspot/src/share/vm/prims/methodHandles.cpp, line 1256]
Event: 37.000 Thread 0x000002847ec86800 Exception <a 'java/lang/NoSuchMethodError'{0x000000008821f2a8}: method resolution failed> (0x000000008821f2a8) thrown at [t:/workspace/hotspot/src/share/vm/prims/methodHandles.cpp, line 1256]
Event: 37.005 Thread 0x000002847ec86800 Exception <a 'java/lang/NoSuchMethodError'{0x0000000088268e70}: java.lang.invoke.DirectMethodHandle$Holder.invokeStatic(Ljava/lang/Object;Ljava/lang/Object;Ljava/lang/Object;Ljava/lang/Object;Ljava/lang/Object;Ljava/lang/Object;Ljava/lang/Object;Ljava/lan
Event: 37.007 Thread 0x000002847ec86800 Exception <a 'java/lang/NoSuchMethodError'{0x000000008828b370}: method resolution failed> (0x000000008828b370) thrown at [t:/workspace/hotspot/src/share/vm/prims/methodHandles.cpp, line 1256]
Event: 37.010 Thread 0x000002847ec86800 Exception <a 'java/lang/NoSuchMethodError'{0x00000000882afa10}: method resolution failed> (0x00000000882afa10) thrown at [t:/workspace/hotspot/src/share/vm/prims/methodHandles.cpp, line 1256]
Event: 37.012 Thread 0x000002847ec86800 Exception <a 'java/lang/NoSuchMethodError'{0x00000000882bf660}: method resolution failed> (0x00000000882bf660) thrown at [t:/workspace/hotspot/src/share/vm/prims/methodHandles.cpp, line 1256]
Event: 37.012 Thread 0x000002847ec86800 Exception <a 'java/lang/NoSuchMethodError'{0x00000000882c3a98}: java.lang.invoke.DelegatingMethodHandle$Holder.reinvoke_L(Ljava/lang/Object;Ljava/lang/Object;Ljava/lang/Object;Ljava/lang/Object;Ljava/lang/Object;Ljava/lang/Object;JLjava/lang/Object;)Ljava
Event: 37.061 Thread 0x000002847ec86800 Exception <a 'java/lang/NoSuchMethodError'{0x00000000881371e8}: <clinit>> (0x00000000881371e8) thrown at [t:/workspace/hotspot/src/share/vm/prims/jni.cpp, line 1363]

Events (10 events):
Event: 89.553 Executing VM operation: RevokeBias done
Event: 89.554 Executing VM operation: RevokeBias
Event: 89.554 Executing VM operation: RevokeBias done
Event: 89.561 loading class Network/PartidaClient
Event: 89.561 loading class Network/PartidaClient done
Event: 89.564 Thread 0x000002847d31f000 Thread added: 0x000002847d31f000
Event: 89.564 Executing VM operation: RevokeBias
Event: 89.564 Executing VM operation: RevokeBias done
Event: 89.564 Executing VM operation: RevokeBias
Event: 89.564 Executing VM operation: RevokeBias done


Dynamic libraries:
0x00007ff693ff0000 - 0x00007ff69402e000 	C:\Program Files\Java\jdk-9.0.1\bin\java.exe
0x00007ffd96f60000 - 0x00007ffd97131000 	C:\WINDOWS\SYSTEM32\ntdll.dll
0x00007ffd948e0000 - 0x00007ffd9498b000 	C:\WINDOWS\System32\KERNEL32.DLL
0x00007ffd935a0000 - 0x00007ffd937bd000 	C:\WINDOWS\System32\KERNELBASE.dll
0x00007ffd951f0000 - 0x00007ffd95292000 	C:\WINDOWS\System32\ADVAPI32.dll
0x00007ffd96920000 - 0x00007ffd969be000 	C:\WINDOWS\System32\msvcrt.dll
0x00007ffd96ca0000 - 0x00007ffd96cf9000 	C:\WINDOWS\System32\sechost.dll
0x00007ffd94580000 - 0x00007ffd946a1000 	C:\WINDOWS\System32\RPCRT4.dll
0x00007ffd952a0000 - 0x00007ffd95405000 	C:\WINDOWS\System32\USER32.dll
0x00007ffd94420000 - 0x00007ffd9443e000 	C:\WINDOWS\System32\win32u.dll
0x00007ffd94800000 - 0x00007ffd94834000 	C:\WINDOWS\System32\GDI32.dll
0x00007ffd94290000 - 0x00007ffd94412000 	C:\WINDOWS\System32\gdi32full.dll
0x00007ffd90250000 - 0x00007ffd904c9000 	C:\WINDOWS\WinSxS\amd64_microsoft.windows.common-controls_6595b64144ccf1df_6.0.14393.0_none_2d0f50fcbdb171b8\COMCTL32.dll
0x00007ffd8dff0000 - 0x00007ffd8dffa000 	C:\WINDOWS\SYSTEM32\VERSION.dll
0x00007ffd969d0000 - 0x00007ffd96c97000 	C:\WINDOWS\System32\combase.dll
0x00007ffd94190000 - 0x00007ffd94285000 	C:\WINDOWS\System32\ucrtbase.dll
0x00007ffd937c0000 - 0x00007ffd9382a000 	C:\WINDOWS\System32\bcryptPrimitives.dll
0x00007ffd94550000 - 0x00007ffd9457e000 	C:\WINDOWS\System32\IMM32.DLL
0x00007ffd72e10000 - 0x00007ffd72eff000 	C:\Program Files\Java\jdk-9.0.1\bin\msvcr120.dll
0x00007ffd77200000 - 0x00007ffd772a6000 	C:\Program Files\Java\jdk-9.0.1\bin\msvcp120.dll
0x00000000618e0000 - 0x0000000062304000 	C:\Program Files\Java\jdk-9.0.1\bin\server\jvm.dll
0x00007ffd947f0000 - 0x00007ffd947f8000 	C:\WINDOWS\System32\PSAPI.DLL
0x00007ffd91740000 - 0x00007ffd91763000 	C:\WINDOWS\SYSTEM32\WINMM.dll
0x00007ffd7e470000 - 0x00007ffd7e479000 	C:\WINDOWS\SYSTEM32\WSOCK32.dll
0x00007ffd916e0000 - 0x00007ffd9170b000 	C:\WINDOWS\SYSTEM32\WINMMBASE.dll
0x00007ffd93f70000 - 0x00007ffd93fb2000 	C:\WINDOWS\System32\cfgmgr32.dll
0x00007ffd94eb0000 - 0x00007ffd94f1a000 	C:\WINDOWS\System32\WS2_32.dll
0x00007ffd8f9a0000 - 0x00007ffd8f9af000 	C:\Program Files\Java\jdk-9.0.1\bin\verify.dll
0x00007ffd86980000 - 0x00007ffd869a7000 	C:\Program Files\Java\jdk-9.0.1\bin\java.dll
0x00007ffd84f30000 - 0x00007ffd84f5a000 	C:\Program Files\Java\jdk-9.0.1\bin\instrument.dll
0x00007ffd88800000 - 0x00007ffd88816000 	C:\Program Files\Java\jdk-9.0.1\bin\zip.dll
0x00007ffd8df60000 - 0x00007ffd8df6a000 	C:\Program Files\Java\jdk-9.0.1\bin\jimage.dll
0x00007ffd95410000 - 0x00007ffd96918000 	C:\WINDOWS\System32\SHELL32.dll
0x00007ffd93890000 - 0x00007ffd93f6a000 	C:\WINDOWS\System32\windows.storage.dll
0x00007ffd933d0000 - 0x00007ffd9341c000 	C:\WINDOWS\System32\powrprof.dll
0x00007ffd94a20000 - 0x00007ffd94a72000 	C:\WINDOWS\System32\shlwapi.dll
0x00007ffd933c0000 - 0x00007ffd933cf000 	C:\WINDOWS\System32\kernel.appcore.dll
0x00007ffd93450000 - 0x00007ffd934f9000 	C:\WINDOWS\System32\shcore.dll
0x00007ffd93420000 - 0x00007ffd93434000 	C:\WINDOWS\System32\profapi.dll
0x00007ffd88710000 - 0x00007ffd8872a000 	C:\Program Files\Java\jdk-9.0.1\bin\net.dll
0x00007ffd88230000 - 0x00007ffd882fc000 	C:\WINDOWS\SYSTEM32\WINHTTP.dll
0x00007ffd92b10000 - 0x00007ffd92b6c000 	C:\WINDOWS\system32\mswsock.dll
0x00007ffd86fb0000 - 0x00007ffd86fc1000 	C:\Program Files\Java\jdk-9.0.1\bin\nio.dll
0x00007ffd87070000 - 0x00007ffd8708a000 	C:\Program Files\JetBrains\IntelliJ IDEA 2017.2.6\bin\breakgen64.dll
0x00007ffd6f7f0000 - 0x00007ffd6f989000 	C:\Program Files\Java\jdk-9.0.1\bin\awt.dll
0x00007ffd96d00000 - 0x00007ffd96dbf000 	C:\WINDOWS\System32\OLEAUT32.dll
0x00007ffd93500000 - 0x00007ffd9359c000 	C:\WINDOWS\System32\msvcp_win.dll
0x00007ffd8a8a0000 - 0x00007ffd8adff000 	C:\WINDOWS\SYSTEM32\d2d1.dll
0x00007ffd93fc0000 - 0x00007ffd94188000 	C:\WINDOWS\System32\CRYPT32.dll
0x00007ffd93440000 - 0x00007ffd93450000 	C:\WINDOWS\System32\MSASN1.dll
0x00007ffd91970000 - 0x00007ffd919ea000 	C:\WINDOWS\SYSTEM32\apphelp.dll
0x00007ffd911f0000 - 0x00007ffd91216000 	C:\WINDOWS\system32\DWMAPI.DLL
0x00007ffd91aa0000 - 0x00007ffd91b35000 	C:\WINDOWS\system32\uxtheme.dll
0x00007ffd709d0000 - 0x00007ffd70af3000 	C:\WINDOWS\system32\opengl32.dll
0x00007ffd84e70000 - 0x00007ffd84e9d000 	C:\WINDOWS\SYSTEM32\GLU32.dll
0x00007ffd708d0000 - 0x00007ffd709c7000 	C:\WINDOWS\SYSTEM32\DDRAW.dll
0x00007ffd8a2a0000 - 0x00007ffd8a2a8000 	C:\WINDOWS\SYSTEM32\DCIMAN32.dll
0x00007ffd95020000 - 0x00007ffd9517b000 	C:\WINDOWS\System32\MSCTF.dll
0x00007ffd946b0000 - 0x00007ffd947e7000 	C:\WINDOWS\System32\ole32.dll
0x00007ffd84f00000 - 0x00007ffd84f2b000 	C:\Program Files\Java\jdk-9.0.1\bin\javajpeg.dll
0x00007ffd72f20000 - 0x00007ffd72fbd000 	C:\Program Files\Java\jdk-9.0.1\bin\fontmanager.dll
0x00007ffd84910000 - 0x00007ffd84952000 	C:\Program Files\Java\jdk-9.0.1\bin\t2k.dll
0x00007ffd94840000 - 0x00007ffd948df000 	C:\WINDOWS\System32\clbcatq.dll
0x00007ffd8d3c0000 - 0x00007ffd8d568000 	C:\WINDOWS\SYSTEM32\WindowsCodecs.dll
0x00007ffd72c20000 - 0x00007ffd72c69000 	C:\WINDOWS\system32\dataexchange.dll
0x00007ffd91340000 - 0x00007ffd91491000 	C:\WINDOWS\system32\dcomp.dll
0x00007ffd8c7a0000 - 0x00007ffd8ca56000 	C:\WINDOWS\system32\d3d11.dll
0x00007ffd92350000 - 0x00007ffd923ef000 	C:\WINDOWS\system32\dxgi.dll
0x00007ffd91e10000 - 0x00007ffd91f2c000 	C:\WINDOWS\system32\twinapi.appcore.dll
0x00007ffd92fa0000 - 0x00007ffd92fcb000 	C:\WINDOWS\system32\bcrypt.dll
0x00007ffd92900000 - 0x00007ffd929a0000 	C:\WINDOWS\SYSTEM32\DNSAPI.dll
0x00007ffd969c0000 - 0x00007ffd969c8000 	C:\WINDOWS\System32\NSI.dll
0x00007ffd928c0000 - 0x00007ffd928f8000 	C:\WINDOWS\SYSTEM32\IPHLPAPI.DLL
0x00007ffd7ff50000 - 0x00007ffd7ff5a000 	C:\Windows\System32\rasadhlp.dll
0x00007ffd88bd0000 - 0x00007ffd88c3a000 	C:\WINDOWS\System32\fwpuclnt.dll
0x00007ffd7ea80000 - 0x00007ffd7ec12000 	C:\WINDOWS\SYSTEM32\dbghelp.dll

VM Arguments:
jvm_args: -javaagent:C:\Program Files\JetBrains\IntelliJ IDEA 2017.2.6\lib\idea_rt.jar=64936:C:\Program Files\JetBrains\IntelliJ IDEA 2017.2.6\bin -Dfile.encoding=UTF-8 
java_command: TronerClient
java_class_path (initial): C:\Users\Alex\Desktop\LA SALLE\DPOO\Practica TRONER\TronerClient 8.0 -HECHO\out\production\TronerClient;C:\Users\Alex\Desktop\LA SALLE\DPOO\Practica TRONER\TronerClient 8.0 -HECHO\libs\JLayer1.0.1\jl1.0.1.jar;C:\Users\Alex\Desktop\LA SALLE\DPOO\Practica TRONER\TronerClient 8.0 -HECHO\libs\gson-2.8.2.jar;C:\Users\Alex\Desktop\LA SALLE\DPOO\Practica TRONER\TronerClient 8.0 -HECHO\libs\mysql-connector-java-5.1.18-bin.jar
Launcher Type: SUN_STANDARD

Logging:
Log output configuration:
#0: stdout all=warning uptime,level,tags
#1: stderr all=off uptime,level,tags

Environment Variables:
PATH=C:\ProgramData\Oracle\Java\javapath;C:\Program Files (x86)\Intel\iCLS Client\;C:\Program Files\Intel\iCLS Client\;C:\Windows\system32;C:\Windows;C:\Windows\System32\Wbem;C:\Windows\System32\WindowsPowerShell\v1.0\;C:\Program Files\Intel\Intel(R) Management Engine Components\DAL;C:\Program Files\Intel\Intel(R) Management Engine Components\IPT;C:\Program Files (x86)\Intel\Intel(R) Management Engine Components\DAL;C:\Program Files (x86)\Intel\Intel(R) Management Engine Components\IPT;C:\Program Files (x86)\Microchip\xc16\v1.24\bin;C:\Program Files\Microsoft SQL Server\120\Tools\Binn\;C:\Program Files (x86)\Windows Kits\10\Windows Performance Toolkit\;C:\Program Files (x86)\nodejs\;C:\WINDOWS\system32;C:\WINDOWS;C:\WINDOWS\System32\Wbem;C:\WINDOWS\System32\WindowsPowerShell\v1.0\;C:\Program Files\Common Files\Autodesk Shared\;C:\Program Files (x86)\Autodesk\Backburner\;C:\Program Files (x86)\QuickTime\QTSystem\;C:\Program Files\MySQL\MySQL Utilities 1.6\;C:\Program Files (x86)\Skype\Phone\;C:\Program Files (x86)\NVIDIA Corporation\PhysX\Common;C:\OrCAD\OrCAD_16.6_Lite\tools\pcb\bin;C:\OrCAD\OrCAD_16.6_Lite\tools\fet\bin;C:\OrCAD\OrCAD_16.6_Lite\OpenAccess\bin\win32\opt;C:\OrCAD\OrCAD_16.6_Lite\tools\bin;C:\OrCAD\OrCAD_16.6_Lite\tools\Capture;C:\OrCAD\OrCAD_16.6_Lite\tools\PSpice;C:\Users\Alex\AppData\Roaming\npm;C:\Users\Alex\AppData\Local\Microsoft\WindowsApps
USERNAME=Alex
OS=Windows_NT
PROCESSOR_IDENTIFIER=Intel64 Family 6 Model 69 Stepping 1, GenuineIntel



---------------  S Y S T E M  ---------------

OS: Windows 10 , 64 bit Build 14393 (10.0.14393.0)

CPU:total 4 (initial active 4) (2 cores per cpu, 2 threads per core) family 6 model 69 stepping 1, cmov, cx8, fxsr, mmx, sse, sse2, sse3, ssse3, sse4.1, sse4.2, popcnt, avx, avx2, aes, clmul, erms, lzcnt, ht, tsc, tscinvbit, bmi1, bmi2, fma

Memory: 4k page, physical 8269208k(1344576k free), swap 8269208k(3172k free)

vm_info: Java HotSpot(TM) 64-Bit Server VM (9.0.1+11) for windows-amd64 JRE (9.0.1+11), built on Sep 28 2017 04:54:03 by "mach5one" with MS VC++ 12.0 (VS2013)

END.
