#
# There is insufficient memory for the Java Runtime Environment to continue.
# Native memory allocation (mmap) failed to map 134217728 bytes for Failed to commit area from 0x0000000081c00000 to 0x0000000089c00000 of length 134217728.
# Possible reasons:
#   The system is out of physical RAM or swap space
#   The process is running with CompressedOops enabled, and the Java Heap may be blocking the growth of the native heap
# Possible solutions:
#   Reduce memory load on the system
#   Increase physical memory or swap space
#   Check if swap backing store is full
#   Decrease Java heap size (-Xmx/-Xms)
#   Decrease number of Java threads
#   Decrease Java thread stack sizes (-Xss)
#   Set larger code cache with -XX:ReservedCodeCacheSize=
# This output file may be truncated or incomplete.
#
#  Out of Memory Error (t:/workspace/hotspot/src/os/windows/vm/os_windows.cpp:3357), pid=33820, tid=32224
#
# JRE version:  (9.0+11) (build )
# Java VM: Java HotSpot(TM) 64-Bit Server VM (9.0.1+11, mixed mode, tiered, compressed oops, g1 gc, windows-amd64)
# No core dump will be written. Minidumps are not enabled by default on client versions of Windows
#

---------------  S U M M A R Y ------------

Command Line: -javaagent:C:\Program Files\JetBrains\IntelliJ IDEA 2017.2.6\lib\idea_rt.jar=50254:C:\Program Files\JetBrains\IntelliJ IDEA 2017.2.6\bin -Dfile.encoding=UTF-8 TronerClient

Host: Intel(R) Core(TM) i7-4510U CPU @ 2.00GHz, 4 cores, 7G,  Windows 10 , 64 bit Build 14393 (10.0.14393.0)
Time: Sun Jul 22 23:06:34 2018 Hora de verano romance elapsed time: 0 seconds (0d 0h 0m 0s)

---------------  T H R E A D  ---------------

Current thread (0x00000212de583000):  JavaThread "Unknown thread" [_thread_in_vm, id=32224, stack(0x0000006059a00000,0x0000006059b00000)]

Stack: [0x0000006059a00000,0x0000006059b00000]
Native frames: (J=compiled Java code, j=interpreted, Vv=VM code, C=native code)
V  [jvm.dll+0x5870b8]
V  [jvm.dll+0x69c0ee]
V  [jvm.dll+0x69d00a]
V  [jvm.dll+0x69d643]
V  [jvm.dll+0x21d148]
V  [jvm.dll+0x584bf4]
V  [jvm.dll+0x57a005]
V  [jvm.dll+0x2cd46b]
V  [jvm.dll+0x2cd3d3]
V  [jvm.dll+0x2cd2a2]
V  [jvm.dll+0x2cf2a3]
V  [jvm.dll+0x319203]
V  [jvm.dll+0x319916]
V  [jvm.dll+0x319303]
V  [jvm.dll+0x2adbf8]
V  [jvm.dll+0x2aee37]
V  [jvm.dll+0x67b1ed]
V  [jvm.dll+0x67c5ac]
V  [jvm.dll+0x3269c9]
V  [jvm.dll+0x6653ee]
V  [jvm.dll+0x391931]
V  [jvm.dll+0x3938e1]
C  [java.exe+0x34f1]
C  [java.exe+0xe24f]
C  [java.exe+0xe3f6]
C  [KERNEL32.DLL+0x8364]
C  [ntdll.dll+0x65e91]


---------------  P R O C E S S  ---------------

Java Threads: ( => current thread )

Other Threads:
  0x00000212de59b800 GCTaskThread "GC Thread#0" [stack: 0x0000006059b00000,0x0000006059c00000] [id=29984]
  0x00000212de59d000 GCTaskThread "GC Thread#1" [stack: 0x0000006059c00000,0x0000006059d00000] [id=5904]
  0x00000212de59e800 GCTaskThread "GC Thread#2" [stack: 0x0000006059d00000,0x0000006059e00000] [id=36912]
  0x00000212de5a1000 GCTaskThread "GC Thread#3" [stack: 0x0000006059e00000,0x0000006059f00000] [id=36428]
  0x00000212de61e800 ConcurrentGCThread "G1 Main Marker" [stack: 0x000000605a400000,0x000000605a500000] [id=3904]
  0x00000212de620000 ConcurrentGCThread "G1 Marker#0" [stack: 0x000000605a500000,0x000000605a600000] [id=17264]
  0x00000212de5a9800 ConcurrentGCThread "G1 Refine#0" [stack: 0x000000605a200000,0x000000605a300000] [id=33588]
  0x00000212de5a8000 ConcurrentGCThread "G1 Refine#1" [stack: 0x000000605a100000,0x000000605a200000] [id=32964]
  0x00000212de5a3800 ConcurrentGCThread "G1 Refine#2" [stack: 0x000000605a000000,0x000000605a100000] [id=32136]
  0x00000212de5a2800 ConcurrentGCThread "G1 Refine#3" [stack: 0x0000006059f00000,0x000000605a000000] [id=33068]
  0x00000212de5af800 ConcurrentGCThread "G1 Young RemSet Sampling" [stack: 0x000000605a300000,0x000000605a400000] [id=31996]

=>0x00000212de583000 (exited) JavaThread "Unknown thread" [_thread_in_vm, id=32224, stack(0x0000006059a00000,0x0000006059b00000)]

Threads with active compile tasks:

VM state:not at safepoint (not fully initialized)

VM Mutex/Monitor currently owned by a thread:  ([mutex/lock_event])
[0x00000212de581980] Heap_lock - owner thread: 0x00000212de583000

Heap address: 0x0000000081c00000, size: 2020 MB, Compressed Oops mode: Non-zero based: 0x0000000081c00000
Narrow klass base: 0x0000000000000000, Narrow klass shift: 0

GC Heap History (0 events):
No events

Deoptimization events (0 events):
No events

Classes redefined (0 events):
No events

Internal exceptions (0 events):
No events

Events (0 events):
No events


Dynamic libraries:
0x00007ff693ff0000 - 0x00007ff69402e000 	C:\Program Files\Java\jdk-9.0.1\bin\java.exe
0x00007ffd96f60000 - 0x00007ffd97131000 	C:\WINDOWS\SYSTEM32\ntdll.dll
0x00007ffd948e0000 - 0x00007ffd9498b000 	C:\WINDOWS\System32\KERNEL32.DLL
0x00007ffd935a0000 - 0x00007ffd937bd000 	C:\WINDOWS\System32\KERNELBASE.dll
0x00007ffd951f0000 - 0x00007ffd95292000 	C:\WINDOWS\System32\ADVAPI32.dll
0x00007ffd96920000 - 0x00007ffd969be000 	C:\WINDOWS\System32\msvcrt.dll
0x00007ffd96ca0000 - 0x00007ffd96cf9000 	C:\WINDOWS\System32\sechost.dll
0x00007ffd94580000 - 0x00007ffd946a1000 	C:\WINDOWS\System32\RPCRT4.dll
0x00007ffd952a0000 - 0x00007ffd95405000 	C:\WINDOWS\System32\USER32.dll
0x00007ffd94420000 - 0x00007ffd9443e000 	C:\WINDOWS\System32\win32u.dll
0x00007ffd94800000 - 0x00007ffd94834000 	C:\WINDOWS\System32\GDI32.dll
0x00007ffd94290000 - 0x00007ffd94412000 	C:\WINDOWS\System32\gdi32full.dll
0x00007ffd90250000 - 0x00007ffd904c9000 	C:\WINDOWS\WinSxS\amd64_microsoft.windows.common-controls_6595b64144ccf1df_6.0.14393.0_none_2d0f50fcbdb171b8\COMCTL32.dll
0x00007ffd969d0000 - 0x00007ffd96c97000 	C:\WINDOWS\System32\combase.dll
0x00007ffd94190000 - 0x00007ffd94285000 	C:\WINDOWS\System32\ucrtbase.dll
0x00007ffd937c0000 - 0x00007ffd9382a000 	C:\WINDOWS\System32\bcryptPrimitives.dll
0x00007ffd8dff0000 - 0x00007ffd8dffa000 	C:\WINDOWS\SYSTEM32\VERSION.dll
0x00007ffd94550000 - 0x00007ffd9457e000 	C:\WINDOWS\System32\IMM32.DLL
0x00007ffd72e10000 - 0x00007ffd72eff000 	C:\Program Files\Java\jdk-9.0.1\bin\msvcr120.dll
0x00007ffd77200000 - 0x00007ffd772a6000 	C:\Program Files\Java\jdk-9.0.1\bin\msvcp120.dll
0x00000000618e0000 - 0x0000000062304000 	C:\Program Files\Java\jdk-9.0.1\bin\server\jvm.dll
0x00007ffd947f0000 - 0x00007ffd947f8000 	C:\WINDOWS\System32\PSAPI.DLL
0x00007ffd7e470000 - 0x00007ffd7e479000 	C:\WINDOWS\SYSTEM32\WSOCK32.dll
0x00007ffd91740000 - 0x00007ffd91763000 	C:\WINDOWS\SYSTEM32\WINMM.dll
0x00007ffd94eb0000 - 0x00007ffd94f1a000 	C:\WINDOWS\System32\WS2_32.dll
0x00000212de730000 - 0x00000212de75b000 	C:\WINDOWS\SYSTEM32\WINMMBASE.dll
0x00007ffd93f70000 - 0x00007ffd93fb2000 	C:\WINDOWS\System32\cfgmgr32.dll
0x00007ffd8f9a0000 - 0x00007ffd8f9af000 	C:\Program Files\Java\jdk-9.0.1\bin\verify.dll
0x00007ffd86980000 - 0x00007ffd869a7000 	C:\Program Files\Java\jdk-9.0.1\bin\java.dll
0x00007ffd857e0000 - 0x00007ffd8580a000 	C:\Program Files\Java\jdk-9.0.1\bin\instrument.dll
0x00007ffd88800000 - 0x00007ffd88816000 	C:\Program Files\Java\jdk-9.0.1\bin\zip.dll
0x00007ffd8df60000 - 0x00007ffd8df6a000 	C:\Program Files\Java\jdk-9.0.1\bin\jimage.dll
0x00007ffd7ea80000 - 0x00007ffd7ec12000 	C:\WINDOWS\SYSTEM32\dbghelp.dll

VM Arguments:
jvm_args: -javaagent:C:\Program Files\JetBrains\IntelliJ IDEA 2017.2.6\lib\idea_rt.jar=50254:C:\Program Files\JetBrains\IntelliJ IDEA 2017.2.6\bin -Dfile.encoding=UTF-8 
java_command: TronerClient
java_class_path (initial): C:\Users\Alex\Desktop\LA SALLE\DPOO\Practica TRONER\TronerClient 8.0 -HECHO\out\production\TronerClient;C:\Users\Alex\Desktop\LA SALLE\DPOO\Practica TRONER\TronerClient 8.0 -HECHO\libs\JLayer1.0.1\jl1.0.1.jar;C:\Users\Alex\Desktop\LA SALLE\DPOO\Practica TRONER\TronerClient 8.0 -HECHO\libs\gson-2.8.2.jar;C:\Users\Alex\Desktop\LA SALLE\DPOO\Practica TRONER\TronerClient 8.0 -HECHO\libs\mysql-connector-java-5.1.18-bin.jar
Launcher Type: SUN_STANDARD

Logging:
Log output configuration:
#0: stdout all=warning uptime,level,tags
#1: stderr all=off uptime,level,tags

Environment Variables:
PATH=C:\ProgramData\Oracle\Java\javapath;C:\Program Files (x86)\Intel\iCLS Client\;C:\Program Files\Intel\iCLS Client\;C:\Windows\system32;C:\Windows;C:\Windows\System32\Wbem;C:\Windows\System32\WindowsPowerShell\v1.0\;C:\Program Files\Intel\Intel(R) Management Engine Components\DAL;C:\Program Files\Intel\Intel(R) Management Engine Components\IPT;C:\Program Files (x86)\Intel\Intel(R) Management Engine Components\DAL;C:\Program Files (x86)\Intel\Intel(R) Management Engine Components\IPT;C:\Program Files (x86)\Microchip\xc16\v1.24\bin;C:\Program Files\Microsoft SQL Server\120\Tools\Binn\;C:\Program Files (x86)\Windows Kits\10\Windows Performance Toolkit\;C:\Program Files (x86)\nodejs\;C:\WINDOWS\system32;C:\WINDOWS;C:\WINDOWS\System32\Wbem;C:\WINDOWS\System32\WindowsPowerShell\v1.0\;C:\Program Files\Common Files\Autodesk Shared\;C:\Program Files (x86)\Autodesk\Backburner\;C:\Program Files (x86)\QuickTime\QTSystem\;C:\Program Files\MySQL\MySQL Utilities 1.6\;C:\Program Files (x86)\Skype\Phone\;C:\Program Files (x86)\NVIDIA Corporation\PhysX\Common;C:\OrCAD\OrCAD_16.6_Lite\tools\pcb\bin;C:\OrCAD\OrCAD_16.6_Lite\tools\fet\bin;C:\OrCAD\OrCAD_16.6_Lite\OpenAccess\bin\win32\opt;C:\OrCAD\OrCAD_16.6_Lite\tools\bin;C:\OrCAD\OrCAD_16.6_Lite\tools\Capture;C:\OrCAD\OrCAD_16.6_Lite\tools\PSpice;C:\Users\Alex\AppData\Roaming\npm;C:\Users\Alex\AppData\Local\Microsoft\WindowsApps
USERNAME=Alex
OS=Windows_NT
PROCESSOR_IDENTIFIER=Intel64 Family 6 Model 69 Stepping 1, GenuineIntel



---------------  S Y S T E M  ---------------

OS: Windows 10 , 64 bit Build 14393 (10.0.14393.0)

CPU:total 4 (initial active 4) (2 cores per cpu, 2 threads per core) family 6 model 69 stepping 1, cmov, cx8, fxsr, mmx, sse, sse2, sse3, ssse3, sse4.1, sse4.2, popcnt, avx, avx2, aes, clmul, erms, lzcnt, ht, tsc, tscinvbit, bmi1, bmi2, fma

Memory: 4k page, physical 8269208k(1541820k free), swap 8269208k(83772k free)

vm_info: Java HotSpot(TM) 64-Bit Server VM (9.0.1+11) for windows-amd64 JRE (9.0.1+11), built on Sep 28 2017 04:54:03 by "mach5one" with MS VC++ 12.0 (VS2013)

END.
